2023-04-16 08:09:03.422 [info] Log level: Info
2023-04-16 08:09:03.422 [info] Validating found git in: "git"
2023-04-16 08:09:03.422 [info] Using git "" from "git"
2023-04-16 08:09:03.422 [info] > git rev-parse --show-toplevel [94ms]
2023-04-16 08:09:03.422 [info] fatal: not a git repository (or any of the parent directories): .git
2023-04-16 08:09:03.422 [info] > git rev-parse --show-toplevel [34ms]
2023-04-16 08:09:03.422 [info] fatal: not a git repository (or any of the parent directories): .git
2023-04-16 08:09:03.422 [info] > git rev-parse --show-toplevel [10ms]
2023-04-16 08:09:03.422 [info] fatal: not a git repository (or any of the parent directories): .git
2023-04-16 08:09:03.422 [info] > git rev-parse --show-toplevel [2ms]
2023-04-16 08:09:03.422 [info] fatal: not a git repository (or any of the parent directories): .git
2023-04-16 08:09:03.422 [info] > git rev-parse --show-toplevel [3ms]
2023-04-16 08:09:03.422 [info] fatal: not a git repository (or any of the parent directories): .git
2023-04-16 08:09:03.688 [info] > git rev-parse --show-toplevel [10ms]
2023-04-16 08:09:03.688 [info] fatal: not a git repository (or any of the parent directories): .git
2023-04-16 09:37:10.185 [info] > git rev-parse --show-toplevel [9ms]
2023-04-16 09:37:10.186 [info] fatal: not a git repository (or any of the parent directories): .git
2023-04-16 10:25:22.095 [info] > git rev-parse --show-toplevel [2ms]
2023-04-16 10:25:22.105 [info] > git rev-parse --git-dir --git-common-dir [1ms]
2023-04-16 10:25:22.125 [info] Open repository: /home/dungcngo
2023-04-16 10:25:22.155 [info] No remotes found in the git config file.
2023-04-16 10:25:22.157 [info] > git config --get commit.template [15ms]
2023-04-16 10:25:22.157 [info] > git for-each-ref --format=%(refname)%00%(upstream:short)%00%(objectname)%00%(upstream:track)%00%(upstream:remotename)%00%(upstream:remoteref) refs/heads/master refs/remotes/master [4ms]
2023-04-16 10:25:22.271 [info] > git status -z -uall [108ms]
2023-04-16 10:25:22.344 [info] > git config --get commit.template [5ms]
2023-04-16 10:25:22.350 [info] No remotes found in the git config file.
2023-04-16 10:25:22.352 [info] > git for-each-ref --format=%(refname)%00%(upstream:short)%00%(objectname)%00%(upstream:track)%00%(upstream:remotename)%00%(upstream:remoteref) refs/heads/master refs/remotes/master [2ms]
2023-04-16 10:25:22.713 [info] > git status -z -uall [347ms]
2023-04-16 10:25:22.772 [info] > git check-ignore -v -z --stdin [23ms]
2023-04-16 10:25:26.175 [info] No remotes found in the git config file.
2023-04-16 10:25:26.176 [info] > git for-each-ref --format=%(refname)%00%(upstream:short)%00%(objectname)%00%(upstream:track)%00%(upstream:remotename)%00%(upstream:remoteref) refs/heads/master refs/remotes/master [1ms]
2023-04-16 10:25:26.177 [info] > git config --get commit.template [18ms]
2023-04-16 10:25:26.192 [info] > git status -z -uall [11ms]
2023-04-16 10:25:31.219 [info] > git config --get commit.template [1ms]
2023-04-16 10:25:31.225 [info] No remotes found in the git config file.
2023-04-16 10:25:31.225 [info] > git for-each-ref --format=%(refname)%00%(upstream:short)%00%(objectname)%00%(upstream:track)%00%(upstream:remotename)%00%(upstream:remoteref) refs/heads/master refs/remotes/master [1ms]
2023-04-16 10:25:31.238 [info] > git status -z -uall [9ms]
2023-04-16 10:25:36.270 [info] No remotes found in the git config file.
2023-04-16 10:25:36.270 [info] > git config --get commit.template [7ms]
2023-04-16 10:25:36.271 [info] > git for-each-ref --format=%(refname)%00%(upstream:short)%00%(objectname)%00%(upstream:track)%00%(upstream:remotename)%00%(upstream:remoteref) refs/heads/master refs/remotes/master [2ms]
2023-04-16 10:25:36.284 [info] > git status -z -uall [9ms]
2023-04-16 10:25:41.312 [info] > git config --get commit.template [1ms]
2023-04-16 10:25:41.316 [info] No remotes found in the git config file.
2023-04-16 10:25:41.317 [info] > git for-each-ref --format=%(refname)%00%(upstream:short)%00%(objectname)%00%(upstream:track)%00%(upstream:remotename)%00%(upstream:remoteref) refs/heads/master refs/remotes/master [1ms]
2023-04-16 10:25:41.331 [info] > git status -z -uall [8ms]
2023-04-16 10:28:46.223 [info] > git config --get commit.template [2ms]
2023-04-16 10:28:46.232 [info] No remotes found in the git config file.
2023-04-16 10:28:46.233 [info] > git for-each-ref --format=%(refname)%00%(upstream:short)%00%(objectname)%00%(upstream:track)%00%(upstream:remotename)%00%(upstream:remoteref) refs/heads/master refs/remotes/master [1ms]
2023-04-16 10:28:46.255 [info] > git status -z -uall [17ms]
2023-04-16 10:28:51.304 [info] > git config --get commit.template [1ms]
2023-04-16 10:28:51.310 [info] No remotes found in the git config file.
2023-04-16 10:28:51.310 [info] > git for-each-ref --format=%(refname)%00%(upstream:short)%00%(objectname)%00%(upstream:track)%00%(upstream:remotename)%00%(upstream:remoteref) refs/heads/master refs/remotes/master [1ms]
2023-04-16 10:28:51.328 [info] > git status -z -uall [13ms]
2023-04-16 10:28:57.794 [info] > git config --get commit.template [4ms]
2023-04-16 10:28:57.801 [info] No remotes found in the git config file.
2023-04-16 10:28:57.802 [info] > git for-each-ref --format=%(refname)%00%(upstream:short)%00%(objectname)%00%(upstream:track)%00%(upstream:remotename)%00%(upstream:remoteref) refs/heads/master refs/remotes/master [1ms]
2023-04-16 10:28:57.817 [info] > git status -z -uall [9ms]
2023-04-16 10:29:02.857 [info] No remotes found in the git config file.
2023-04-16 10:29:02.858 [info] > git config --get commit.template [7ms]
2023-04-16 10:29:02.859 [info] > git for-each-ref --format=%(refname)%00%(upstream:short)%00%(objectname)%00%(upstream:track)%00%(upstream:remotename)%00%(upstream:remoteref) refs/heads/master refs/remotes/master [2ms]
2023-04-16 10:29:02.875 [info] > git status -z -uall [12ms]
2023-04-16 10:29:07.902 [info] No remotes found in the git config file.
2023-04-16 10:29:07.908 [info] > git config --get commit.template [6ms]
2023-04-16 10:29:07.908 [info] > git for-each-ref --format=%(refname)%00%(upstream:short)%00%(objectname)%00%(upstream:track)%00%(upstream:remotename)%00%(upstream:remoteref) refs/heads/master refs/remotes/master [1ms]
2023-04-16 10:29:07.923 [info] > git status -z -uall [11ms]
2023-04-16 10:29:12.948 [info] > git config --get commit.template [2ms]
2023-04-16 10:29:12.956 [info] No remotes found in the git config file.
2023-04-16 10:29:12.956 [info] > git for-each-ref --format=%(refname)%00%(upstream:short)%00%(objectname)%00%(upstream:track)%00%(upstream:remotename)%00%(upstream:remoteref) refs/heads/master refs/remotes/master [1ms]
2023-04-16 10:29:12.972 [info] > git status -z -uall [8ms]
2023-04-16 10:29:14.073 [info] > git check-ignore -v -z --stdin [3ms]
2023-04-16 10:29:22.578 [info] > git config --get commit.template [2ms]
2023-04-16 10:29:22.583 [info] No remotes found in the git config file.
2023-04-16 10:29:22.584 [info] > git for-each-ref --format=%(refname)%00%(upstream:short)%00%(objectname)%00%(upstream:track)%00%(upstream:remotename)%00%(upstream:remoteref) refs/heads/master refs/remotes/master [1ms]
2023-04-16 10:29:22.600 [info] > git status -z -uall [12ms]
2023-04-16 10:29:27.630 [info] > git config --get commit.template [1ms]
2023-04-16 10:29:27.636 [info] No remotes found in the git config file.
2023-04-16 10:29:27.637 [info] > git for-each-ref --format=%(refname)%00%(upstream:short)%00%(objectname)%00%(upstream:track)%00%(upstream:remotename)%00%(upstream:remoteref) refs/heads/master refs/remotes/master [1ms]
2023-04-16 10:29:27.650 [info] > git status -z -uall [9ms]
2023-04-16 10:29:32.681 [info] > git config --get commit.template [3ms]
2023-04-16 10:29:32.686 [info] No remotes found in the git config file.
2023-04-16 10:29:32.686 [info] > git for-each-ref --format=%(refname)%00%(upstream:short)%00%(objectname)%00%(upstream:track)%00%(upstream:remotename)%00%(upstream:remoteref) refs/heads/master refs/remotes/master [1ms]
2023-04-16 10:29:32.699 [info] > git status -z -uall [9ms]
2023-04-16 10:29:37.727 [info] > git config --get commit.template [1ms]
2023-04-16 10:29:37.734 [info] No remotes found in the git config file.
2023-04-16 10:29:37.735 [info] > git for-each-ref --format=%(refname)%00%(upstream:short)%00%(objectname)%00%(upstream:track)%00%(upstream:remotename)%00%(upstream:remoteref) refs/heads/master refs/remotes/master [1ms]
2023-04-16 10:29:37.752 [info] > git status -z -uall [10ms]
2023-04-16 10:29:42.784 [info] > git config --get commit.template [0ms]
2023-04-16 10:29:42.789 [info] No remotes found in the git config file.
2023-04-16 10:29:42.789 [info] > git for-each-ref --format=%(refname)%00%(upstream:short)%00%(objectname)%00%(upstream:track)%00%(upstream:remotename)%00%(upstream:remoteref) refs/heads/master refs/remotes/master [1ms]
2023-04-16 10:29:42.805 [info] > git status -z -uall [11ms]
2023-04-16 10:29:47.835 [info] > git config --get commit.template [2ms]
2023-04-16 10:29:47.841 [info] No remotes found in the git config file.
2023-04-16 10:29:47.841 [info] > git for-each-ref --format=%(refname)%00%(upstream:short)%00%(objectname)%00%(upstream:track)%00%(upstream:remotename)%00%(upstream:remoteref) refs/heads/master refs/remotes/master [1ms]
2023-04-16 10:29:47.854 [info] > git status -z -uall [9ms]
2023-04-16 10:29:52.882 [info] > git config --get commit.template [1ms]
2023-04-16 10:29:52.887 [info] No remotes found in the git config file.
2023-04-16 10:29:52.888 [info] > git for-each-ref --format=%(refname)%00%(upstream:short)%00%(objectname)%00%(upstream:track)%00%(upstream:remotename)%00%(upstream:remoteref) refs/heads/master refs/remotes/master [1ms]
2023-04-16 10:29:52.900 [info] > git status -z -uall [8ms]
2023-04-16 10:30:29.098 [info] > git config --get commit.template [12ms]
2023-04-16 10:30:29.099 [info] No remotes found in the git config file.
2023-04-16 10:30:29.100 [info] > git for-each-ref --format=%(refname)%00%(upstream:short)%00%(objectname)%00%(upstream:track)%00%(upstream:remotename)%00%(upstream:remoteref) refs/heads/master refs/remotes/master [4ms]
2023-04-16 10:30:29.117 [info] > git status -z -uall [12ms]
2023-04-16 10:30:40.153 [info] No remotes found in the git config file.
2023-04-16 10:30:40.154 [info] > git config --get commit.template [15ms]
2023-04-16 10:30:40.155 [info] > git for-each-ref --format=%(refname)%00%(upstream:short)%00%(objectname)%00%(upstream:track)%00%(upstream:remotename)%00%(upstream:remoteref) refs/heads/master refs/remotes/master [3ms]
2023-04-16 10:30:40.175 [info] > git status -z -uall [14ms]
2023-04-16 10:30:45.227 [info] > git config --get commit.template [1ms]
2023-04-16 10:30:45.232 [info] No remotes found in the git config file.
2023-04-16 10:30:45.232 [info] > git for-each-ref --format=%(refname)%00%(upstream:short)%00%(objectname)%00%(upstream:track)%00%(upstream:remotename)%00%(upstream:remoteref) refs/heads/master refs/remotes/master [1ms]
2023-04-16 10:30:45.247 [info] > git status -z -uall [11ms]
2023-04-16 10:30:45.714 [info] > git show --textconv :.bash_history [8ms]
2023-04-16 10:30:45.715 [info] > git ls-files --stage -- /home/dungcngo/.bash_history [3ms]
2023-04-16 10:30:50.278 [info] > git config --get commit.template [1ms]
2023-04-16 10:30:50.283 [info] No remotes found in the git config file.
2023-04-16 10:30:50.283 [info] > git for-each-ref --format=%(refname)%00%(upstream:short)%00%(objectname)%00%(upstream:track)%00%(upstream:remotename)%00%(upstream:remoteref) refs/heads/master refs/remotes/master [1ms]
2023-04-16 10:30:50.299 [info] > git status -z -uall [10ms]
2023-04-16 10:30:55.326 [info] > git config --get commit.template [1ms]
2023-04-16 10:30:55.332 [info] No remotes found in the git config file.
2023-04-16 10:30:55.333 [info] > git for-each-ref --format=%(refname)%00%(upstream:short)%00%(objectname)%00%(upstream:track)%00%(upstream:remotename)%00%(upstream:remoteref) refs/heads/master refs/remotes/master [1ms]
2023-04-16 10:30:55.349 [info] > git status -z -uall [10ms]
2023-04-16 10:31:00.385 [info] No remotes found in the git config file.
2023-04-16 10:31:00.385 [info] > git config --get commit.template [6ms]
2023-04-16 10:31:00.385 [info] > git for-each-ref --format=%(refname)%00%(upstream:short)%00%(objectname)%00%(upstream:track)%00%(upstream:remotename)%00%(upstream:remoteref) refs/heads/master refs/remotes/master [1ms]
2023-04-16 10:31:00.404 [info] > git status -z -uall [9ms]
2023-04-16 10:31:06.019 [info] > git config --get commit.template [1ms]
2023-04-16 10:31:06.026 [info] No remotes found in the git config file.
2023-04-16 10:31:06.026 [info] > git for-each-ref --format=%(refname)%00%(upstream:short)%00%(objectname)%00%(upstream:track)%00%(upstream:remotename)%00%(upstream:remoteref) refs/heads/master refs/remotes/master [1ms]
2023-04-16 10:31:06.052 [info] > git status -z -uall [16ms]
2023-04-16 10:31:11.094 [info] No remotes found in the git config file.
2023-04-16 10:31:11.094 [info] > git config --get commit.template [7ms]
2023-04-16 10:31:11.095 [info] > git for-each-ref --format=%(refname)%00%(upstream:short)%00%(objectname)%00%(upstream:track)%00%(upstream:remotename)%00%(upstream:remoteref) refs/heads/master refs/remotes/master [1ms]
2023-04-16 10:31:11.110 [info] > git status -z -uall [10ms]
2023-04-16 10:31:16.141 [info] No remotes found in the git config file.
2023-04-16 10:31:16.141 [info] > git config --get commit.template [6ms]
2023-04-16 10:31:16.141 [info] > git for-each-ref --format=%(refname)%00%(upstream:short)%00%(objectname)%00%(upstream:track)%00%(upstream:remotename)%00%(upstream:remoteref) refs/heads/master refs/remotes/master [1ms]
2023-04-16 10:31:16.155 [info] > git status -z -uall [8ms]
