2023-04-16 16:31:26.636 [info] Log level: Info
2023-04-16 16:31:26.636 [info] Validating found git in: "git"
2023-04-16 16:31:26.636 [info] Using git "2.34.1" from "git"
2023-04-16 16:31:26.636 [info] > git rev-parse --show-toplevel [88ms]
2023-04-16 16:31:26.636 [info] > git rev-parse --git-dir --git-common-dir [2ms]
2023-04-16 16:31:26.636 [info] Open repository: /home/dungcngo
2023-04-16 16:31:26.636 [info] > git rev-parse --show-toplevel [90ms]
2023-04-16 16:31:26.636 [info] > git config --get commit.template [91ms]
2023-04-16 16:31:26.636 [info] > git rev-parse --git-dir --git-common-dir [27ms]
2023-04-16 16:31:26.636 [info] Open repository: /home/dungcngo/LTM/btvn1
2023-04-16 16:31:26.636 [info] > git config --get commit.template [9ms]
2023-04-16 16:31:26.636 [info] > git for-each-ref --format=%(refname)%00%(upstream:short)%00%(objectname)%00%(upstream:track)%00%(upstream:remotename)%00%(upstream:remoteref) refs/heads/main refs/remotes/main [25ms]
2023-04-16 16:31:26.636 [info] > git rev-parse --show-toplevel [47ms]
2023-04-16 16:31:26.636 [info] > git rev-parse --show-toplevel [18ms]
2023-04-16 16:31:26.636 [info] > git rev-parse --show-toplevel [6ms]
2023-04-16 16:31:26.636 [info] > git for-each-ref --format=%(refname)%00%(upstream:short)%00%(objectname)%00%(upstream:track)%00%(upstream:remotename)%00%(upstream:remoteref) refs/heads/master refs/remotes/master [35ms]
2023-04-16 16:31:26.636 [info] > git status -z -uall [9ms]
2023-04-16 16:31:26.636 [info] > git status -z -uall [91ms]
2023-04-16 16:31:26.636 [info] > git config --get commit.template [17ms]
2023-04-16 16:31:26.636 [info] > git config --get commit.template [3ms]
2023-04-16 16:31:26.636 [info] > git for-each-ref --format=%(refname)%00%(upstream:short)%00%(objectname)%00%(upstream:track)%00%(upstream:remotename)%00%(upstream:remoteref) refs/heads/master refs/remotes/master [8ms]
2023-04-16 16:31:26.636 [info] > git for-each-ref --format=%(refname)%00%(upstream:short)%00%(objectname)%00%(upstream:track)%00%(upstream:remotename)%00%(upstream:remoteref) refs/heads/main refs/remotes/main [18ms]
2023-04-16 16:31:26.636 [info] > git status -z -uall [20ms]
2023-04-16 16:31:26.643 [info] > git status -z -uall [27ms]
2023-04-16 16:31:27.079 [info] > git check-ignore -v -z --stdin [12ms]
2023-04-16 16:31:27.080 [info] > git check-ignore -v -z --stdin [6ms]
2023-04-16 16:31:27.107 [info] > git show --textconv :tcp_client.c [12ms]
2023-04-16 16:31:27.108 [info] > git ls-files --stage -- /home/dungcngo/LTM/btvn1/tcp_client.c [4ms]
2023-04-16 16:31:27.119 [info] > git cat-file -s 00677142ab1557077430202c89434cfd65eb28a6 [3ms]
2023-04-16 16:31:28.730 [info] > git config --get commit.template [7ms]
2023-04-16 16:31:28.736 [info] > git for-each-ref --format=%(refname)%00%(upstream:short)%00%(objectname)%00%(upstream:track)%00%(upstream:remotename)%00%(upstream:remoteref) refs/heads/main refs/remotes/main [6ms]
2023-04-16 16:31:28.760 [info] > git status -z -uall [16ms]
2023-04-16 16:31:33.774 [info] > git config --get commit.template [2ms]
2023-04-16 16:31:33.780 [info] > git for-each-ref --format=%(refname)%00%(upstream:short)%00%(objectname)%00%(upstream:track)%00%(upstream:remotename)%00%(upstream:remoteref) refs/heads/main refs/remotes/main [2ms]
2023-04-16 16:31:33.791 [info] > git status -z -uall [8ms]
2023-04-16 16:31:38.806 [info] > git config --get commit.template [1ms]
2023-04-16 16:31:38.810 [info] > git for-each-ref --format=%(refname)%00%(upstream:short)%00%(objectname)%00%(upstream:track)%00%(upstream:remotename)%00%(upstream:remoteref) refs/heads/main refs/remotes/main [1ms]
2023-04-16 16:31:38.821 [info] > git status -z -uall [8ms]
2023-04-16 16:31:42.321 [info] > git check-ignore -v -z --stdin [3ms]
2023-04-16 16:31:43.830 [info] > git config --get commit.template [1ms]
2023-04-16 16:31:43.837 [info] > git for-each-ref --format=%(refname)%00%(upstream:short)%00%(objectname)%00%(upstream:track)%00%(upstream:remotename)%00%(upstream:remoteref) refs/heads/main refs/remotes/main [2ms]
2023-04-16 16:31:43.853 [info] > git status -z -uall [12ms]
2023-04-16 16:31:47.122 [info] > git ls-files --stage -- /home/dungcngo/LTM/btvn1/sv_client.c [2ms]
2023-04-16 16:31:47.127 [info] > git show --textconv :sv_client.c [13ms]
2023-04-16 16:31:47.128 [info] > git cat-file -s f82307f87e7df6c84f60948208fce1812169d391 [2ms]
2023-04-16 16:31:48.866 [info] > git config --get commit.template [1ms]
2023-04-16 16:31:48.873 [info] > git for-each-ref --format=%(refname)%00%(upstream:short)%00%(objectname)%00%(upstream:track)%00%(upstream:remotename)%00%(upstream:remoteref) refs/heads/main refs/remotes/main [1ms]
2023-04-16 16:31:48.885 [info] > git status -z -uall [8ms]
2023-04-16 16:31:53.894 [info] > git config --get commit.template [2ms]
2023-04-16 16:31:53.900 [info] > git for-each-ref --format=%(refname)%00%(upstream:short)%00%(objectname)%00%(upstream:track)%00%(upstream:remotename)%00%(upstream:remoteref) refs/heads/main refs/remotes/main [2ms]
2023-04-16 16:31:53.912 [info] > git status -z -uall [9ms]
2023-04-16 16:31:58.928 [info] > git config --get commit.template [5ms]
2023-04-16 16:31:58.929 [info] > git for-each-ref --format=%(refname)%00%(upstream:short)%00%(objectname)%00%(upstream:track)%00%(upstream:remotename)%00%(upstream:remoteref) refs/heads/main refs/remotes/main [1ms]
2023-04-16 16:31:58.945 [info] > git status -z -uall [12ms]
2023-04-16 16:32:00.869 [info] > git config --get commit.template [4ms]
2023-04-16 16:32:00.870 [info] > git for-each-ref --format=%(refname)%00%(upstream:short)%00%(objectname)%00%(upstream:track)%00%(upstream:remotename)%00%(upstream:remoteref) refs/heads/master refs/remotes/master [2ms]
2023-04-16 16:32:00.874 [info] > git status -z -uall [1ms]
2023-04-16 16:32:03.957 [info] > git config --get commit.template [0ms]
2023-04-16 16:32:03.961 [info] > git for-each-ref --format=%(refname)%00%(upstream:short)%00%(objectname)%00%(upstream:track)%00%(upstream:remotename)%00%(upstream:remoteref) refs/heads/main refs/remotes/main [1ms]
2023-04-16 16:32:03.973 [info] > git status -z -uall [8ms]
2023-04-16 16:32:08.984 [info] > git config --get commit.template [2ms]
2023-04-16 16:32:08.990 [info] > git for-each-ref --format=%(refname)%00%(upstream:short)%00%(objectname)%00%(upstream:track)%00%(upstream:remotename)%00%(upstream:remoteref) refs/heads/main refs/remotes/main [1ms]
2023-04-16 16:32:09.003 [info] > git status -z -uall [10ms]
2023-04-16 16:32:14.021 [info] > git config --get commit.template [6ms]
2023-04-16 16:32:14.022 [info] > git for-each-ref --format=%(refname)%00%(upstream:short)%00%(objectname)%00%(upstream:track)%00%(upstream:remotename)%00%(upstream:remoteref) refs/heads/main refs/remotes/main [3ms]
2023-04-16 16:32:14.033 [info] > git status -z -uall [8ms]
2023-04-16 16:32:19.048 [info] > git config --get commit.template [2ms]
2023-04-16 16:32:19.053 [info] > git for-each-ref --format=%(refname)%00%(upstream:short)%00%(objectname)%00%(upstream:track)%00%(upstream:remotename)%00%(upstream:remoteref) refs/heads/main refs/remotes/main [1ms]
2023-04-16 16:32:19.065 [info] > git status -z -uall [8ms]
2023-04-16 16:32:24.082 [info] > git config --get commit.template [5ms]
2023-04-16 16:32:24.083 [info] > git for-each-ref --format=%(refname)%00%(upstream:short)%00%(objectname)%00%(upstream:track)%00%(upstream:remotename)%00%(upstream:remoteref) refs/heads/main refs/remotes/main [1ms]
2023-04-16 16:32:24.094 [info] > git status -z -uall [8ms]
2023-04-16 16:32:29.107 [info] > git config --get commit.template [1ms]
2023-04-16 16:32:29.111 [info] > git for-each-ref --format=%(refname)%00%(upstream:short)%00%(objectname)%00%(upstream:track)%00%(upstream:remotename)%00%(upstream:remoteref) refs/heads/main refs/remotes/main [1ms]
2023-04-16 16:32:29.122 [info] > git status -z -uall [9ms]
2023-04-16 16:32:34.134 [info] > git config --get commit.template [0ms]
2023-04-16 16:32:34.139 [info] > git for-each-ref --format=%(refname)%00%(upstream:short)%00%(objectname)%00%(upstream:track)%00%(upstream:remotename)%00%(upstream:remoteref) refs/heads/main refs/remotes/main [2ms]
2023-04-16 16:32:34.150 [info] > git status -z -uall [8ms]
2023-04-16 16:32:35.292 [info] > git check-ignore -v -z --stdin [1ms]
2023-04-16 16:32:35.692 [info] > git config --get commit.template [5ms]
2023-04-16 16:32:35.692 [info] > git for-each-ref --format=%(refname)%00%(upstream:short)%00%(objectname)%00%(upstream:track)%00%(upstream:remotename)%00%(upstream:remoteref) refs/heads/master refs/remotes/master [1ms]
2023-04-16 16:32:35.696 [info] > git status -z -uall [1ms]
2023-04-16 16:32:39.165 [info] > git config --get commit.template [5ms]
2023-04-16 16:32:39.166 [info] > git for-each-ref --format=%(refname)%00%(upstream:short)%00%(objectname)%00%(upstream:track)%00%(upstream:remotename)%00%(upstream:remoteref) refs/heads/main refs/remotes/main [2ms]
2023-04-16 16:32:39.177 [info] > git status -z -uall [8ms]
2023-04-16 16:33:00.347 [info] > git config --get commit.template [1ms]
2023-04-16 16:33:00.376 [info] > git for-each-ref --format=%(refname)%00%(upstream:short)%00%(objectname)%00%(upstream:track)%00%(upstream:remotename)%00%(upstream:remoteref) refs/heads/main refs/remotes/main [4ms]
2023-04-16 16:33:00.395 [info] > git status -z -uall [13ms]
2023-04-16 16:33:05.411 [info] > git config --get commit.template [3ms]
2023-04-16 16:33:05.411 [info] > git for-each-ref --format=%(refname)%00%(upstream:short)%00%(objectname)%00%(upstream:track)%00%(upstream:remotename)%00%(upstream:remoteref) refs/heads/main refs/remotes/main [1ms]
2023-04-16 16:33:05.422 [info] > git status -z -uall [8ms]
2023-04-16 16:33:10.438 [info] > git config --get commit.template [6ms]
2023-04-16 16:33:10.439 [info] > git for-each-ref --format=%(refname)%00%(upstream:short)%00%(objectname)%00%(upstream:track)%00%(upstream:remotename)%00%(upstream:remoteref) refs/heads/main refs/remotes/main [2ms]
2023-04-16 16:33:10.453 [info] > git status -z -uall [11ms]
2023-04-16 16:33:15.468 [info] > git config --get commit.template [4ms]
2023-04-16 16:33:15.469 [info] > git for-each-ref --format=%(refname)%00%(upstream:short)%00%(objectname)%00%(upstream:track)%00%(upstream:remotename)%00%(upstream:remoteref) refs/heads/main refs/remotes/main [1ms]
2023-04-16 16:33:15.480 [info] > git status -z -uall [7ms]
2023-04-16 16:33:20.492 [info] > git config --get commit.template [1ms]
2023-04-16 16:33:20.497 [info] > git for-each-ref --format=%(refname)%00%(upstream:short)%00%(objectname)%00%(upstream:track)%00%(upstream:remotename)%00%(upstream:remoteref) refs/heads/main refs/remotes/main [2ms]
2023-04-16 16:33:20.515 [info] > git status -z -uall [13ms]
2023-04-16 16:33:25.536 [info] > git config --get commit.template [4ms]
2023-04-16 16:33:25.536 [info] > git for-each-ref --format=%(refname)%00%(upstream:short)%00%(objectname)%00%(upstream:track)%00%(upstream:remotename)%00%(upstream:remoteref) refs/heads/main refs/remotes/main [1ms]
2023-04-16 16:33:25.552 [info] > git status -z -uall [12ms]
2023-04-16 16:33:30.561 [info] > git config --get commit.template [1ms]
2023-04-16 16:33:30.576 [info] > git for-each-ref --format=%(refname)%00%(upstream:short)%00%(objectname)%00%(upstream:track)%00%(upstream:remotename)%00%(upstream:remoteref) refs/heads/main refs/remotes/main [8ms]
2023-04-16 16:33:30.600 [info] > git status -z -uall [18ms]
2023-04-16 16:33:30.931 [info] > git show --textconv :sv_server.c [5ms]
2023-04-16 16:33:30.933 [info] > git ls-files --stage -- /home/dungcngo/LTM/btvn1/sv_server.c [2ms]
2023-04-16 16:33:31.020 [info] > git check-ignore -v -z --stdin [1ms]
2023-04-16 16:33:31.621 [info] > git config --get commit.template [6ms]
2023-04-16 16:33:31.622 [info] > git for-each-ref --format=%(refname)%00%(upstream:short)%00%(objectname)%00%(upstream:track)%00%(upstream:remotename)%00%(upstream:remoteref) refs/heads/master refs/remotes/master [1ms]
2023-04-16 16:33:31.626 [info] > git status -z -uall [1ms]
2023-04-16 16:33:36.639 [info] > git config --get commit.template [4ms]
2023-04-16 16:33:36.640 [info] > git for-each-ref --format=%(refname)%00%(upstream:short)%00%(objectname)%00%(upstream:track)%00%(upstream:remotename)%00%(upstream:remoteref) refs/heads/master refs/remotes/master [2ms]
2023-04-16 16:33:36.644 [info] > git status -z -uall [1ms]
2023-04-16 16:33:37.335 [info] > git config --get commit.template [5ms]
2023-04-16 16:33:37.336 [info] > git for-each-ref --format=%(refname)%00%(upstream:short)%00%(objectname)%00%(upstream:track)%00%(upstream:remotename)%00%(upstream:remoteref) refs/heads/main refs/remotes/main [2ms]
2023-04-16 16:33:37.348 [info] > git status -z -uall [9ms]
2023-04-16 16:33:42.367 [info] > git config --get commit.template [4ms]
2023-04-16 16:33:42.367 [info] > git for-each-ref --format=%(refname)%00%(upstream:short)%00%(objectname)%00%(upstream:track)%00%(upstream:remotename)%00%(upstream:remoteref) refs/heads/main refs/remotes/main [1ms]
2023-04-16 16:33:42.379 [info] > git status -z -uall [9ms]
2023-04-16 16:33:47.396 [info] > git config --get commit.template [6ms]
2023-04-16 16:33:47.397 [info] > git for-each-ref --format=%(refname)%00%(upstream:short)%00%(objectname)%00%(upstream:track)%00%(upstream:remotename)%00%(upstream:remoteref) refs/heads/main refs/remotes/main [3ms]
2023-04-16 16:33:47.409 [info] > git status -z -uall [9ms]
2023-04-16 16:33:52.420 [info] > git config --get commit.template [4ms]
2023-04-16 16:33:52.420 [info] > git for-each-ref --format=%(refname)%00%(upstream:short)%00%(objectname)%00%(upstream:track)%00%(upstream:remotename)%00%(upstream:remoteref) refs/heads/main refs/remotes/main [1ms]
2023-04-16 16:33:52.434 [info] > git status -z -uall [10ms]
2023-04-16 16:33:57.450 [info] > git config --get commit.template [5ms]
2023-04-16 16:33:57.450 [info] > git for-each-ref --format=%(refname)%00%(upstream:short)%00%(objectname)%00%(upstream:track)%00%(upstream:remotename)%00%(upstream:remoteref) refs/heads/main refs/remotes/main [1ms]
2023-04-16 16:33:57.463 [info] > git status -z -uall [9ms]
2023-04-16 16:34:04.005 [info] > git config --get commit.template [10ms]
2023-04-16 16:34:04.005 [info] > git for-each-ref --format=%(refname)%00%(upstream:short)%00%(objectname)%00%(upstream:track)%00%(upstream:remotename)%00%(upstream:remoteref) refs/heads/main refs/remotes/main [2ms]
2023-04-16 16:34:04.023 [info] > git status -z -uall [10ms]
2023-04-16 16:34:09.034 [info] > git config --get commit.template [1ms]
2023-04-16 16:34:09.039 [info] > git for-each-ref --format=%(refname)%00%(upstream:short)%00%(objectname)%00%(upstream:track)%00%(upstream:remotename)%00%(upstream:remoteref) refs/heads/main refs/remotes/main [2ms]
2023-04-16 16:34:09.051 [info] > git status -z -uall [8ms]
2023-04-16 16:34:14.067 [info] > git config --get commit.template [4ms]
2023-04-16 16:34:14.068 [info] > git for-each-ref --format=%(refname)%00%(upstream:short)%00%(objectname)%00%(upstream:track)%00%(upstream:remotename)%00%(upstream:remoteref) refs/heads/main refs/remotes/main [1ms]
2023-04-16 16:34:14.080 [info] > git status -z -uall [9ms]
2023-04-16 16:34:19.095 [info] > git config --get commit.template [3ms]
2023-04-16 16:34:19.105 [info] > git for-each-ref --format=%(refname)%00%(upstream:short)%00%(objectname)%00%(upstream:track)%00%(upstream:remotename)%00%(upstream:remoteref) refs/heads/main refs/remotes/main [1ms]
2023-04-16 16:34:19.121 [info] > git status -z -uall [8ms]
2023-04-16 16:34:24.138 [info] > git config --get commit.template [5ms]
2023-04-16 16:34:24.139 [info] > git for-each-ref --format=%(refname)%00%(upstream:short)%00%(objectname)%00%(upstream:track)%00%(upstream:remotename)%00%(upstream:remoteref) refs/heads/main refs/remotes/main [1ms]
2023-04-16 16:34:24.151 [info] > git status -z -uall [8ms]
2023-04-16 16:34:29.168 [info] > git config --get commit.template [7ms]
2023-04-16 16:34:29.169 [info] > git for-each-ref --format=%(refname)%00%(upstream:short)%00%(objectname)%00%(upstream:track)%00%(upstream:remotename)%00%(upstream:remoteref) refs/heads/main refs/remotes/main [3ms]
2023-04-16 16:34:29.181 [info] > git status -z -uall [9ms]
2023-04-16 16:34:34.202 [info] > git config --get commit.template [6ms]
2023-04-16 16:34:34.204 [info] > git for-each-ref --format=%(refname)%00%(upstream:short)%00%(objectname)%00%(upstream:track)%00%(upstream:remotename)%00%(upstream:remoteref) refs/heads/main refs/remotes/main [2ms]
2023-04-16 16:34:34.218 [info] > git status -z -uall [8ms]
2023-04-16 16:34:39.233 [info] > git config --get commit.template [1ms]
2023-04-16 16:34:39.238 [info] > git for-each-ref --format=%(refname)%00%(upstream:short)%00%(objectname)%00%(upstream:track)%00%(upstream:remotename)%00%(upstream:remoteref) refs/heads/main refs/remotes/main [1ms]
2023-04-16 16:34:39.249 [info] > git status -z -uall [7ms]
2023-04-16 16:34:44.267 [info] > git config --get commit.template [5ms]
2023-04-16 16:34:44.267 [info] > git for-each-ref --format=%(refname)%00%(upstream:short)%00%(objectname)%00%(upstream:track)%00%(upstream:remotename)%00%(upstream:remoteref) refs/heads/main refs/remotes/main [1ms]
2023-04-16 16:34:44.279 [info] > git status -z -uall [9ms]
2023-04-16 16:34:49.297 [info] > git config --get commit.template [5ms]
2023-04-16 16:34:49.297 [info] > git for-each-ref --format=%(refname)%00%(upstream:short)%00%(objectname)%00%(upstream:track)%00%(upstream:remotename)%00%(upstream:remoteref) refs/heads/main refs/remotes/main [1ms]
2023-04-16 16:34:49.310 [info] > git status -z -uall [10ms]
2023-04-16 16:34:54.320 [info] > git config --get commit.template [1ms]
2023-04-16 16:34:54.324 [info] > git for-each-ref --format=%(refname)%00%(upstream:short)%00%(objectname)%00%(upstream:track)%00%(upstream:remotename)%00%(upstream:remoteref) refs/heads/main refs/remotes/main [1ms]
2023-04-16 16:34:54.340 [info] > git status -z -uall [10ms]
2023-04-16 16:34:59.352 [info] > git config --get commit.template [2ms]
2023-04-16 16:34:59.358 [info] > git for-each-ref --format=%(refname)%00%(upstream:short)%00%(objectname)%00%(upstream:track)%00%(upstream:remotename)%00%(upstream:remoteref) refs/heads/main refs/remotes/main [2ms]
2023-04-16 16:34:59.373 [info] > git status -z -uall [10ms]
2023-04-16 16:35:04.386 [info] > git config --get commit.template [3ms]
2023-04-16 16:35:04.387 [info] > git for-each-ref --format=%(refname)%00%(upstream:short)%00%(objectname)%00%(upstream:track)%00%(upstream:remotename)%00%(upstream:remoteref) refs/heads/main refs/remotes/main [1ms]
2023-04-16 16:35:04.398 [info] > git status -z -uall [8ms]
2023-04-16 16:35:09.412 [info] > git config --get commit.template [5ms]
2023-04-16 16:35:09.412 [info] > git for-each-ref --format=%(refname)%00%(upstream:short)%00%(objectname)%00%(upstream:track)%00%(upstream:remotename)%00%(upstream:remoteref) refs/heads/main refs/remotes/main [1ms]
2023-04-16 16:35:09.424 [info] > git status -z -uall [8ms]
2023-04-16 16:35:14.443 [info] > git config --get commit.template [6ms]
2023-04-16 16:35:14.444 [info] > git for-each-ref --format=%(refname)%00%(upstream:short)%00%(objectname)%00%(upstream:track)%00%(upstream:remotename)%00%(upstream:remoteref) refs/heads/main refs/remotes/main [2ms]
2023-04-16 16:35:14.458 [info] > git status -z -uall [9ms]
2023-04-16 16:35:19.471 [info] > git config --get commit.template [1ms]
2023-04-16 16:35:19.477 [info] > git for-each-ref --format=%(refname)%00%(upstream:short)%00%(objectname)%00%(upstream:track)%00%(upstream:remotename)%00%(upstream:remoteref) refs/heads/main refs/remotes/main [1ms]
2023-04-16 16:35:19.488 [info] > git status -z -uall [8ms]
2023-04-16 16:35:24.503 [info] > git config --get commit.template [4ms]
2023-04-16 16:35:24.503 [info] > git for-each-ref --format=%(refname)%00%(upstream:short)%00%(objectname)%00%(upstream:track)%00%(upstream:remotename)%00%(upstream:remoteref) refs/heads/main refs/remotes/main [1ms]
2023-04-16 16:35:24.514 [info] > git status -z -uall [8ms]
2023-04-16 16:35:29.532 [info] > git config --get commit.template [5ms]
2023-04-16 16:35:29.533 [info] > git for-each-ref --format=%(refname)%00%(upstream:short)%00%(objectname)%00%(upstream:track)%00%(upstream:remotename)%00%(upstream:remoteref) refs/heads/main refs/remotes/main [2ms]
2023-04-16 16:35:29.544 [info] > git status -z -uall [8ms]
2023-04-16 16:35:34.557 [info] > git config --get commit.template [4ms]
2023-04-16 16:35:34.557 [info] > git for-each-ref --format=%(refname)%00%(upstream:short)%00%(objectname)%00%(upstream:track)%00%(upstream:remotename)%00%(upstream:remoteref) refs/heads/main refs/remotes/main [1ms]
2023-04-16 16:35:34.572 [info] > git status -z -uall [12ms]
2023-04-16 16:35:38.584 [info] > git config --get commit.template [5ms]
2023-04-16 16:35:38.584 [info] > git for-each-ref --format=%(refname)%00%(upstream:short)%00%(objectname)%00%(upstream:track)%00%(upstream:remotename)%00%(upstream:remoteref) refs/heads/master refs/remotes/master [1ms]
2023-04-16 16:35:38.588 [info] > git status -z -uall [1ms]
2023-04-16 16:35:39.590 [info] > git config --get commit.template [4ms]
2023-04-16 16:35:39.590 [info] > git for-each-ref --format=%(refname)%00%(upstream:short)%00%(objectname)%00%(upstream:track)%00%(upstream:remotename)%00%(upstream:remoteref) refs/heads/main refs/remotes/main [1ms]
2023-04-16 16:35:39.602 [info] > git status -z -uall [9ms]
2023-04-16 16:35:44.613 [info] > git config --get commit.template [2ms]
2023-04-16 16:35:44.618 [info] > git for-each-ref --format=%(refname)%00%(upstream:short)%00%(objectname)%00%(upstream:track)%00%(upstream:remotename)%00%(upstream:remoteref) refs/heads/main refs/remotes/main [1ms]
2023-04-16 16:35:44.629 [info] > git status -z -uall [8ms]
2023-04-16 16:35:49.649 [info] > git config --get commit.template [7ms]
2023-04-16 16:35:49.649 [info] > git for-each-ref --format=%(refname)%00%(upstream:short)%00%(objectname)%00%(upstream:track)%00%(upstream:remotename)%00%(upstream:remoteref) refs/heads/main refs/remotes/main [2ms]
2023-04-16 16:35:49.660 [info] > git status -z -uall [8ms]
2023-04-16 16:35:54.677 [info] > git config --get commit.template [5ms]
2023-04-16 16:35:54.678 [info] > git for-each-ref --format=%(refname)%00%(upstream:short)%00%(objectname)%00%(upstream:track)%00%(upstream:remotename)%00%(upstream:remoteref) refs/heads/main refs/remotes/main [1ms]
2023-04-16 16:35:54.690 [info] > git status -z -uall [8ms]
2023-04-16 16:35:59.701 [info] > git config --get commit.template [1ms]
2023-04-16 16:35:59.706 [info] > git for-each-ref --format=%(refname)%00%(upstream:short)%00%(objectname)%00%(upstream:track)%00%(upstream:remotename)%00%(upstream:remoteref) refs/heads/main refs/remotes/main [1ms]
2023-04-16 16:35:59.719 [info] > git status -z -uall [9ms]
2023-04-16 16:36:05.778 [info] > git config --get commit.template [16ms]
2023-04-16 16:36:05.779 [info] > git for-each-ref --format=%(refname)%00%(upstream:short)%00%(objectname)%00%(upstream:track)%00%(upstream:remotename)%00%(upstream:remoteref) refs/heads/main refs/remotes/main [3ms]
2023-04-16 16:36:05.800 [info] > git status -z -uall [13ms]
2023-04-16 16:36:10.820 [info] > git config --get commit.template [5ms]
2023-04-16 16:36:10.821 [info] > git for-each-ref --format=%(refname)%00%(upstream:short)%00%(objectname)%00%(upstream:track)%00%(upstream:remotename)%00%(upstream:remoteref) refs/heads/main refs/remotes/main [2ms]
2023-04-16 16:36:10.834 [info] > git status -z -uall [10ms]
2023-04-16 16:36:10.936 [info] > git config --get commit.template [6ms]
2023-04-16 16:36:10.940 [info] > git for-each-ref --format=%(refname)%00%(upstream:short)%00%(objectname)%00%(upstream:track)%00%(upstream:remotename)%00%(upstream:remoteref) refs/heads/master refs/remotes/master [6ms]
2023-04-16 16:36:10.945 [info] > git status -z -uall [1ms]
2023-04-16 16:36:15.846 [info] > git config --get commit.template [1ms]
2023-04-16 16:36:15.851 [info] > git for-each-ref --format=%(refname)%00%(upstream:short)%00%(objectname)%00%(upstream:track)%00%(upstream:remotename)%00%(upstream:remoteref) refs/heads/main refs/remotes/main [1ms]
2023-04-16 16:36:15.861 [info] > git status -z -uall [7ms]
2023-04-16 16:36:20.882 [info] > git config --get commit.template [6ms]
2023-04-16 16:36:20.882 [info] > git for-each-ref --format=%(refname)%00%(upstream:short)%00%(objectname)%00%(upstream:track)%00%(upstream:remotename)%00%(upstream:remoteref) refs/heads/main refs/remotes/main [1ms]
2023-04-16 16:36:20.898 [info] > git status -z -uall [11ms]
2023-04-16 16:36:22.759 [info] > git ls-files --stage -- /home/dungcngo/LTM/btvn1/sv_client.c [4ms]
2023-04-16 16:36:22.763 [info] > git ls-files --stage -- /home/dungcngo/LTM/btvn1/tcp_client.c [12ms]
2023-04-16 16:36:22.769 [info] > git cat-file -s f82307f87e7df6c84f60948208fce1812169d391 [6ms]
2023-04-16 16:36:22.769 [info] > git ls-files --stage -- /home/dungcngo/LTM/btvn1/sv_server.c [11ms]
2023-04-16 16:36:22.770 [info] > git cat-file -s 00677142ab1557077430202c89434cfd65eb28a6 [3ms]
2023-04-16 16:36:22.787 [info] > git show --textconv :sv_client.c [8ms]
2023-04-16 16:36:22.787 [info] > git show --textconv :sv_server.c [4ms]
2023-04-16 16:36:22.787 [info] > git show --textconv :tcp_client.c [1ms]
2023-04-16 16:36:25.910 [info] > git config --get commit.template [1ms]
2023-04-16 16:36:25.916 [info] > git for-each-ref --format=%(refname)%00%(upstream:short)%00%(objectname)%00%(upstream:track)%00%(upstream:remotename)%00%(upstream:remoteref) refs/heads/main refs/remotes/main [2ms]
2023-04-16 16:36:25.930 [info] > git status -z -uall [10ms]
2023-04-16 16:36:30.942 [info] > git config --get commit.template [4ms]
2023-04-16 16:36:30.942 [info] > git for-each-ref --format=%(refname)%00%(upstream:short)%00%(objectname)%00%(upstream:track)%00%(upstream:remotename)%00%(upstream:remoteref) refs/heads/main refs/remotes/main [1ms]
2023-04-16 16:36:30.955 [info] > git status -z -uall [9ms]
2023-04-16 16:36:35.973 [info] > git config --get commit.template [6ms]
2023-04-16 16:36:35.974 [info] > git for-each-ref --format=%(refname)%00%(upstream:short)%00%(objectname)%00%(upstream:track)%00%(upstream:remotename)%00%(upstream:remoteref) refs/heads/main refs/remotes/main [2ms]
2023-04-16 16:36:35.991 [info] > git status -z -uall [12ms]
2023-04-16 16:37:14.633 [info] > git config --get commit.template [6ms]
2023-04-16 16:37:14.636 [info] > git for-each-ref --format=%(refname)%00%(upstream:short)%00%(objectname)%00%(upstream:track)%00%(upstream:remotename)%00%(upstream:remoteref) refs/heads/main refs/remotes/main [4ms]
2023-04-16 16:37:14.654 [info] > git status -z -uall [12ms]
2023-04-16 16:37:46.949 [info] > git config --get commit.template [1ms]
2023-04-16 16:37:46.959 [info] > git for-each-ref --format=%(refname)%00%(upstream:short)%00%(objectname)%00%(upstream:track)%00%(upstream:remotename)%00%(upstream:remoteref) refs/heads/main refs/remotes/main [3ms]
2023-04-16 16:37:46.983 [info] > git status -z -uall [18ms]
2023-04-16 16:37:51.243 [info] > git check-ignore -v -z --stdin [2ms]
2023-04-16 16:37:52.006 [info] > git config --get commit.template [5ms]
2023-04-16 16:37:52.006 [info] > git for-each-ref --format=%(refname)%00%(upstream:short)%00%(objectname)%00%(upstream:track)%00%(upstream:remotename)%00%(upstream:remoteref) refs/heads/main refs/remotes/main [1ms]
2023-04-16 16:37:52.018 [info] > git status -z -uall [8ms]
2023-04-16 16:38:19.124 [info] > git config --get commit.template [2ms]
2023-04-16 16:38:19.130 [info] > git for-each-ref --format=%(refname)%00%(upstream:short)%00%(objectname)%00%(upstream:track)%00%(upstream:remotename)%00%(upstream:remoteref) refs/heads/main refs/remotes/main [1ms]
2023-04-16 16:38:19.143 [info] > git status -z -uall [10ms]
2023-04-16 16:40:08.281 [info] > git config --get commit.template [1ms]
2023-04-16 16:40:08.298 [info] > git for-each-ref --format=%(refname)%00%(upstream:short)%00%(objectname)%00%(upstream:track)%00%(upstream:remotename)%00%(upstream:remoteref) refs/heads/main refs/remotes/main [1ms]
2023-04-16 16:40:08.324 [info] > git status -z -uall [10ms]
2023-04-16 16:40:17.654 [info] > git config --get commit.template [15ms]
2023-04-16 16:40:17.655 [info] > git for-each-ref --format=%(refname)%00%(upstream:short)%00%(objectname)%00%(upstream:track)%00%(upstream:remotename)%00%(upstream:remoteref) refs/heads/main refs/remotes/main [2ms]
2023-04-16 16:40:17.687 [info] > git status -z -uall [10ms]
2023-04-16 16:40:22.700 [info] > git config --get commit.template [6ms]
2023-04-16 16:40:22.701 [info] > git for-each-ref --format=%(refname)%00%(upstream:short)%00%(objectname)%00%(upstream:track)%00%(upstream:remotename)%00%(upstream:remoteref) refs/heads/main refs/remotes/main [1ms]
2023-04-16 16:40:22.715 [info] > git status -z -uall [9ms]
2023-04-16 16:40:27.729 [info] > git config --get commit.template [2ms]
2023-04-16 16:40:27.735 [info] > git for-each-ref --format=%(refname)%00%(upstream:short)%00%(objectname)%00%(upstream:track)%00%(upstream:remotename)%00%(upstream:remoteref) refs/heads/main refs/remotes/main [1ms]
2023-04-16 16:40:27.757 [info] > git status -z -uall [10ms]
2023-04-16 16:40:53.829 [info] > git config --get commit.template [2ms]
2023-04-16 16:40:53.844 [info] > git for-each-ref --format=%(refname)%00%(upstream:short)%00%(objectname)%00%(upstream:track)%00%(upstream:remotename)%00%(upstream:remoteref) refs/heads/main refs/remotes/main [2ms]
2023-04-16 16:40:53.863 [info] > git status -z -uall [10ms]
2023-04-16 16:40:58.880 [info] > git config --get commit.template [5ms]
2023-04-16 16:40:58.880 [info] > git for-each-ref --format=%(refname)%00%(upstream:short)%00%(objectname)%00%(upstream:track)%00%(upstream:remotename)%00%(upstream:remoteref) refs/heads/main refs/remotes/main [1ms]
2023-04-16 16:40:58.892 [info] > git status -z -uall [8ms]
2023-04-16 16:41:02.779 [info] > git ls-files --stage -- /home/dungcngo/LTM/btvn1/sv_client.c [5ms]
2023-04-16 16:41:02.793 [info] > git ls-files --stage -- /home/dungcngo/LTM/btvn1/tcp_client.c [23ms]
2023-04-16 16:41:02.805 [info] > git cat-file -s f82307f87e7df6c84f60948208fce1812169d391 [13ms]
2023-04-16 16:41:02.806 [info] > git ls-files --stage -- /home/dungcngo/LTM/btvn1/sv_server.c [27ms]
2023-04-16 16:41:02.806 [info] > git cat-file -s 00677142ab1557077430202c89434cfd65eb28a6 [2ms]
2023-04-16 16:41:02.844 [info] > git show --textconv :sv_client.c [23ms]
2023-04-16 16:41:02.845 [info] > git show --textconv :sv_server.c [10ms]
2023-04-16 16:41:02.846 [info] > git show --textconv :tcp_client.c [2ms]
2023-04-16 16:41:03.907 [info] > git config --get commit.template [1ms]
2023-04-16 16:41:03.914 [info] > git for-each-ref --format=%(refname)%00%(upstream:short)%00%(objectname)%00%(upstream:track)%00%(upstream:remotename)%00%(upstream:remoteref) refs/heads/main refs/remotes/main [1ms]
2023-04-16 16:41:03.936 [info] > git status -z -uall [19ms]
2023-04-16 16:41:08.948 [info] > git config --get commit.template [1ms]
2023-04-16 16:41:08.952 [info] > git for-each-ref --format=%(refname)%00%(upstream:short)%00%(objectname)%00%(upstream:track)%00%(upstream:remotename)%00%(upstream:remoteref) refs/heads/main refs/remotes/main [1ms]
2023-04-16 16:41:08.964 [info] > git status -z -uall [9ms]
2023-04-16 16:41:13.982 [info] > git config --get commit.template [4ms]
2023-04-16 16:41:13.983 [info] > git for-each-ref --format=%(refname)%00%(upstream:short)%00%(objectname)%00%(upstream:track)%00%(upstream:remotename)%00%(upstream:remoteref) refs/heads/main refs/remotes/main [1ms]
2023-04-16 16:41:13.995 [info] > git status -z -uall [9ms]
2023-04-16 16:41:19.009 [info] > git config --get commit.template [1ms]
2023-04-16 16:41:19.014 [info] > git for-each-ref --format=%(refname)%00%(upstream:short)%00%(objectname)%00%(upstream:track)%00%(upstream:remotename)%00%(upstream:remoteref) refs/heads/main refs/remotes/main [1ms]
2023-04-16 16:41:19.025 [info] > git status -z -uall [8ms]
2023-04-16 16:41:24.036 [info] > git config --get commit.template [1ms]
2023-04-16 16:41:24.042 [info] > git for-each-ref --format=%(refname)%00%(upstream:short)%00%(objectname)%00%(upstream:track)%00%(upstream:remotename)%00%(upstream:remoteref) refs/heads/main refs/remotes/main [2ms]
2023-04-16 16:41:24.054 [info] > git status -z -uall [9ms]
2023-04-16 16:41:39.656 [info] > git config --get commit.template [20ms]
2023-04-16 16:41:39.657 [info] > git for-each-ref --format=%(refname)%00%(upstream:short)%00%(objectname)%00%(upstream:track)%00%(upstream:remotename)%00%(upstream:remoteref) refs/heads/main refs/remotes/main [3ms]
2023-04-16 16:41:39.694 [info] > git status -z -uall [22ms]
2023-04-16 16:41:43.206 [info] > git ls-files --stage -- /home/dungcngo/LTM/btvn1/sv_client.c [6ms]
2023-04-16 16:41:43.210 [info] > git ls-files --stage -- /home/dungcngo/LTM/btvn1/tcp_client.c [17ms]
2023-04-16 16:41:43.215 [info] > git cat-file -s f82307f87e7df6c84f60948208fce1812169d391 [5ms]
2023-04-16 16:41:43.216 [info] > git ls-files --stage -- /home/dungcngo/LTM/btvn1/sv_server.c [11ms]
2023-04-16 16:41:43.217 [info] > git cat-file -s 00677142ab1557077430202c89434cfd65eb28a6 [3ms]
2023-04-16 16:41:43.245 [info] > git show --textconv :sv_client.c [11ms]
2023-04-16 16:41:43.245 [info] > git show --textconv :sv_server.c [5ms]
2023-04-16 16:41:43.245 [info] > git show --textconv :tcp_client.c [1ms]
2023-04-16 16:41:44.711 [info] > git config --get commit.template [5ms]
2023-04-16 16:41:44.712 [info] > git for-each-ref --format=%(refname)%00%(upstream:short)%00%(objectname)%00%(upstream:track)%00%(upstream:remotename)%00%(upstream:remoteref) refs/heads/main refs/remotes/main [1ms]
2023-04-16 16:41:44.723 [info] > git status -z -uall [8ms]
2023-04-16 16:41:49.734 [info] > git config --get commit.template [5ms]
2023-04-16 16:41:49.735 [info] > git for-each-ref --format=%(refname)%00%(upstream:short)%00%(objectname)%00%(upstream:track)%00%(upstream:remotename)%00%(upstream:remoteref) refs/heads/main refs/remotes/main [1ms]
2023-04-16 16:41:49.747 [info] > git status -z -uall [9ms]
2023-04-16 16:42:44.581 [info] > git config --get commit.template [2ms]
2023-04-16 16:42:44.596 [info] > git for-each-ref --format=%(refname)%00%(upstream:short)%00%(objectname)%00%(upstream:track)%00%(upstream:remotename)%00%(upstream:remoteref) refs/heads/main refs/remotes/main [4ms]
2023-04-16 16:42:44.631 [info] > git status -z -uall [23ms]
2023-04-16 16:42:49.648 [info] > git config --get commit.template [4ms]
2023-04-16 16:42:49.649 [info] > git for-each-ref --format=%(refname)%00%(upstream:short)%00%(objectname)%00%(upstream:track)%00%(upstream:remotename)%00%(upstream:remoteref) refs/heads/main refs/remotes/main [2ms]
2023-04-16 16:42:49.662 [info] > git status -z -uall [9ms]
2023-04-16 16:42:51.591 [info] > git ls-files --stage -- /home/dungcngo/LTM/btvn1/sv_client.c [4ms]
2023-04-16 16:42:51.596 [info] > git ls-files --stage -- /home/dungcngo/LTM/btvn1/tcp_client.c [12ms]
2023-04-16 16:42:51.599 [info] > git cat-file -s f82307f87e7df6c84f60948208fce1812169d391 [4ms]
2023-04-16 16:42:51.600 [info] > git ls-files --stage -- /home/dungcngo/LTM/btvn1/sv_server.c [10ms]
2023-04-16 16:42:51.600 [info] > git cat-file -s 00677142ab1557077430202c89434cfd65eb28a6 [1ms]
2023-04-16 16:42:51.623 [info] > git show --textconv :sv_client.c [14ms]
2023-04-16 16:42:51.623 [info] > git show --textconv :sv_server.c [10ms]
2023-04-16 16:42:51.624 [info] > git show --textconv :tcp_client.c [2ms]
2023-04-16 16:42:55.556 [info] > git config --get commit.template [5ms]
2023-04-16 16:42:55.556 [info] > git for-each-ref --format=%(refname)%00%(upstream:short)%00%(objectname)%00%(upstream:track)%00%(upstream:remotename)%00%(upstream:remoteref) refs/heads/main refs/remotes/main [1ms]
2023-04-16 16:42:55.567 [info] > git status -z -uall [8ms]
2023-04-16 16:42:58.203 [info] > git ls-files --stage -- /home/dungcngo/LTM/btvn1/sv_client.c [5ms]
2023-04-16 16:42:58.209 [info] > git ls-files --stage -- /home/dungcngo/LTM/btvn1/tcp_client.c [18ms]
2023-04-16 16:42:58.213 [info] > git cat-file -s f82307f87e7df6c84f60948208fce1812169d391 [5ms]
2023-04-16 16:42:58.214 [info] > git ls-files --stage -- /home/dungcngo/LTM/btvn1/sv_server.c [13ms]
2023-04-16 16:42:58.214 [info] > git cat-file -s 00677142ab1557077430202c89434cfd65eb28a6 [2ms]
2023-04-16 16:42:58.244 [info] > git show --textconv :sv_client.c [21ms]
2023-04-16 16:42:58.244 [info] > git show --textconv :sv_server.c [17ms]
2023-04-16 16:42:58.245 [info] > git show --textconv :tcp_client.c [2ms]
2023-04-16 16:43:00.584 [info] > git config --get commit.template [6ms]
2023-04-16 16:43:00.584 [info] > git for-each-ref --format=%(refname)%00%(upstream:short)%00%(objectname)%00%(upstream:track)%00%(upstream:remotename)%00%(upstream:remoteref) refs/heads/main refs/remotes/main [1ms]
2023-04-16 16:43:00.599 [info] > git status -z -uall [9ms]
2023-04-16 16:43:05.614 [info] > git config --get commit.template [4ms]
2023-04-16 16:43:05.615 [info] > git for-each-ref --format=%(refname)%00%(upstream:short)%00%(objectname)%00%(upstream:track)%00%(upstream:remotename)%00%(upstream:remoteref) refs/heads/main refs/remotes/main [0ms]
2023-04-16 16:43:05.626 [info] > git status -z -uall [8ms]
2023-04-16 16:43:10.642 [info] > git config --get commit.template [6ms]
2023-04-16 16:43:10.643 [info] > git for-each-ref --format=%(refname)%00%(upstream:short)%00%(objectname)%00%(upstream:track)%00%(upstream:remotename)%00%(upstream:remoteref) refs/heads/main refs/remotes/main [1ms]
2023-04-16 16:43:10.656 [info] > git status -z -uall [10ms]
2023-04-16 16:43:36.029 [info] > git config --get commit.template [6ms]
2023-04-16 16:43:36.038 [info] > git for-each-ref --format=%(refname)%00%(upstream:short)%00%(objectname)%00%(upstream:track)%00%(upstream:remotename)%00%(upstream:remoteref) refs/heads/main refs/remotes/main [3ms]
2023-04-16 16:43:36.099 [info] > git status -z -uall [21ms]
2023-04-16 16:43:41.773 [info] > git config --get commit.template [1ms]
2023-04-16 16:43:41.783 [info] > git for-each-ref --format=%(refname)%00%(upstream:short)%00%(objectname)%00%(upstream:track)%00%(upstream:remotename)%00%(upstream:remoteref) refs/heads/main refs/remotes/main [3ms]
2023-04-16 16:43:41.799 [info] > git status -z -uall [11ms]
2023-04-16 16:43:46.855 [info] > git config --get commit.template [2ms]
2023-04-16 16:43:46.871 [info] > git for-each-ref --format=%(refname)%00%(upstream:short)%00%(objectname)%00%(upstream:track)%00%(upstream:remotename)%00%(upstream:remoteref) refs/heads/main refs/remotes/main [6ms]
2023-04-16 16:43:46.890 [info] > git status -z -uall [12ms]
2023-04-16 16:43:51.903 [info] > git config --get commit.template [1ms]
2023-04-16 16:43:51.908 [info] > git for-each-ref --format=%(refname)%00%(upstream:short)%00%(objectname)%00%(upstream:track)%00%(upstream:remotename)%00%(upstream:remoteref) refs/heads/main refs/remotes/main [1ms]
2023-04-16 16:43:51.919 [info] > git status -z -uall [8ms]
2023-04-16 16:43:56.938 [info] > git config --get commit.template [6ms]
2023-04-16 16:43:56.939 [info] > git for-each-ref --format=%(refname)%00%(upstream:short)%00%(objectname)%00%(upstream:track)%00%(upstream:remotename)%00%(upstream:remoteref) refs/heads/main refs/remotes/main [1ms]
2023-04-16 16:43:56.951 [info] > git status -z -uall [9ms]
2023-04-16 16:43:57.923 [info] > git ls-files --stage -- /home/dungcngo/LTM/btvn1/sv_client.c [4ms]
2023-04-16 16:43:57.928 [info] > git ls-files --stage -- /home/dungcngo/LTM/btvn1/tcp_client.c [13ms]
2023-04-16 16:43:57.932 [info] > git cat-file -s f82307f87e7df6c84f60948208fce1812169d391 [4ms]
2023-04-16 16:43:57.932 [info] > git ls-files --stage -- /home/dungcngo/LTM/btvn1/sv_server.c [10ms]
2023-04-16 16:43:57.933 [info] > git cat-file -s 00677142ab1557077430202c89434cfd65eb28a6 [2ms]
2023-04-16 16:43:57.952 [info] > git show --textconv :sv_client.c [9ms]
2023-04-16 16:43:57.952 [info] > git show --textconv :sv_server.c [5ms]
2023-04-16 16:43:57.953 [info] > git show --textconv :tcp_client.c [2ms]
2023-04-16 16:43:59.910 [info] > git ls-files --stage -- /home/dungcngo/LTM/btvn1/sv_client.c [4ms]
2023-04-16 16:43:59.914 [info] > git ls-files --stage -- /home/dungcngo/LTM/btvn1/tcp_client.c [12ms]
2023-04-16 16:43:59.917 [info] > git cat-file -s f82307f87e7df6c84f60948208fce1812169d391 [4ms]
2023-04-16 16:43:59.918 [info] > git ls-files --stage -- /home/dungcngo/LTM/btvn1/sv_server.c [9ms]
2023-04-16 16:43:59.918 [info] > git cat-file -s 00677142ab1557077430202c89434cfd65eb28a6 [1ms]
2023-04-16 16:43:59.938 [info] > git show --textconv :sv_client.c [10ms]
2023-04-16 16:43:59.938 [info] > git show --textconv :sv_server.c [6ms]
2023-04-16 16:43:59.939 [info] > git show --textconv :tcp_client.c [2ms]
2023-04-16 16:44:01.969 [info] > git config --get commit.template [7ms]
2023-04-16 16:44:01.970 [info] > git for-each-ref --format=%(refname)%00%(upstream:short)%00%(objectname)%00%(upstream:track)%00%(upstream:remotename)%00%(upstream:remoteref) refs/heads/main refs/remotes/main [1ms]
2023-04-16 16:44:01.984 [info] > git status -z -uall [8ms]
2023-04-16 16:44:14.083 [info] > git config --get commit.template [8ms]
2023-04-16 16:44:14.100 [info] > git for-each-ref --format=%(refname)%00%(upstream:short)%00%(objectname)%00%(upstream:track)%00%(upstream:remotename)%00%(upstream:remoteref) refs/heads/main refs/remotes/main [3ms]
2023-04-16 16:44:14.133 [info] > git status -z -uall [19ms]
2023-04-16 16:44:19.144 [info] > git config --get commit.template [1ms]
2023-04-16 16:44:19.150 [info] > git for-each-ref --format=%(refname)%00%(upstream:short)%00%(objectname)%00%(upstream:track)%00%(upstream:remotename)%00%(upstream:remoteref) refs/heads/main refs/remotes/main [1ms]
2023-04-16 16:44:19.161 [info] > git status -z -uall [8ms]
2023-04-16 16:44:24.172 [info] > git config --get commit.template [1ms]
2023-04-16 16:44:24.181 [info] > git for-each-ref --format=%(refname)%00%(upstream:short)%00%(objectname)%00%(upstream:track)%00%(upstream:remotename)%00%(upstream:remoteref) refs/heads/main refs/remotes/main [3ms]
2023-04-16 16:44:24.199 [info] > git status -z -uall [13ms]
2023-04-16 16:44:25.489 [info] > git ls-files --stage -- /home/dungcngo/LTM/btvn1/sv_client.c [4ms]
2023-04-16 16:44:25.493 [info] > git ls-files --stage -- /home/dungcngo/LTM/btvn1/tcp_client.c [13ms]
2023-04-16 16:44:25.497 [info] > git cat-file -s f82307f87e7df6c84f60948208fce1812169d391 [4ms]
2023-04-16 16:44:25.498 [info] > git ls-files --stage -- /home/dungcngo/LTM/btvn1/sv_server.c [10ms]
2023-04-16 16:44:25.499 [info] > git cat-file -s 00677142ab1557077430202c89434cfd65eb28a6 [3ms]
2023-04-16 16:44:25.525 [info] > git show --textconv :sv_client.c [16ms]
2023-04-16 16:44:25.525 [info] > git show --textconv :sv_server.c [11ms]
2023-04-16 16:44:25.525 [info] > git show --textconv :tcp_client.c [1ms]
2023-04-16 16:44:53.030 [info] > git config --get commit.template [9ms]
2023-04-16 16:44:53.031 [info] > git for-each-ref --format=%(refname)%00%(upstream:short)%00%(objectname)%00%(upstream:track)%00%(upstream:remotename)%00%(upstream:remoteref) refs/heads/main refs/remotes/main [2ms]
2023-04-16 16:44:53.046 [info] > git status -z -uall [11ms]
2023-04-16 16:44:58.056 [info] > git config --get commit.template [2ms]
2023-04-16 16:44:58.065 [info] > git for-each-ref --format=%(refname)%00%(upstream:short)%00%(objectname)%00%(upstream:track)%00%(upstream:remotename)%00%(upstream:remoteref) refs/heads/main refs/remotes/main [2ms]
2023-04-16 16:44:58.080 [info] > git status -z -uall [11ms]
2023-04-16 16:45:03.093 [info] > git config --get commit.template [1ms]
2023-04-16 16:45:03.097 [info] > git for-each-ref --format=%(refname)%00%(upstream:short)%00%(objectname)%00%(upstream:track)%00%(upstream:remotename)%00%(upstream:remoteref) refs/heads/main refs/remotes/main [1ms]
2023-04-16 16:45:03.110 [info] > git status -z -uall [8ms]
2023-04-16 16:45:08.127 [info] > git config --get commit.template [6ms]
2023-04-16 16:45:08.128 [info] > git for-each-ref --format=%(refname)%00%(upstream:short)%00%(objectname)%00%(upstream:track)%00%(upstream:remotename)%00%(upstream:remoteref) refs/heads/main refs/remotes/main [1ms]
2023-04-16 16:45:08.140 [info] > git status -z -uall [9ms]
2023-04-16 16:45:08.591 [info] > git ls-files --stage -- /home/dungcngo/LTM/btvn1/sv_client.c [6ms]
2023-04-16 16:45:08.596 [info] > git ls-files --stage -- /home/dungcngo/LTM/btvn1/tcp_client.c [14ms]
2023-04-16 16:45:08.604 [info] > git cat-file -s f82307f87e7df6c84f60948208fce1812169d391 [7ms]
2023-04-16 16:45:08.605 [info] > git ls-files --stage -- /home/dungcngo/LTM/btvn1/sv_server.c [15ms]
2023-04-16 16:45:08.606 [info] > git cat-file -s 00677142ab1557077430202c89434cfd65eb28a6 [4ms]
2023-04-16 16:45:08.628 [info] > git show --textconv :sv_client.c [11ms]
2023-04-16 16:45:08.628 [info] > git show --textconv :sv_server.c [8ms]
2023-04-16 16:45:08.629 [info] > git show --textconv :tcp_client.c [1ms]
2023-04-16 16:45:13.159 [info] > git config --get commit.template [7ms]
2023-04-16 16:45:13.159 [info] > git for-each-ref --format=%(refname)%00%(upstream:short)%00%(objectname)%00%(upstream:track)%00%(upstream:remotename)%00%(upstream:remoteref) refs/heads/main refs/remotes/main [1ms]
2023-04-16 16:45:13.176 [info] > git status -z -uall [11ms]
