2023-04-16 08:09:02.053 [info] Extension host with pid 114 started
2023-04-16 08:09:02.089 [info] Lock '/home/dungcngo/.vscode-server/data/User/workspaceStorage/e6c2c52bfe9d1e00b7c0f34e0b21a00a/vscode.lock': Lock acquired.
2023-04-16 08:09:02.156 [info] ExtensionService#_doActivateExtension vscode.emmet, startup: false, activationEvent: 'onLanguage'
2023-04-16 08:09:02.400 [info] ExtensionService#_doActivateExtension vscode.git-base, startup: true, activationEvent: '*', root cause: vscode.git
2023-04-16 08:09:02.481 [info] ExtensionService#_doActivateExtension vscode.git, startup: true, activationEvent: '*'
2023-04-16 08:09:02.483 [info] ExtensionService#_doActivateExtension vscode.github, startup: true, activationEvent: '*'
2023-04-16 08:09:03.001 [info] Eager extensions activated
2023-04-16 08:09:03.002 [info] ExtensionService#_doActivateExtension vscode.debug-auto-launch, startup: false, activationEvent: 'onStartupFinished'
2023-04-16 08:09:03.003 [info] ExtensionService#_doActivateExtension vscode.merge-conflict, startup: false, activationEvent: 'onStartupFinished'
2023-04-16 10:15:13.524 [info] ExtensionService#_doActivateExtension vscode.npm, startup: false, activationEvent: 'onTerminalQuickFixRequest:ms-vscode.npm-command'
2023-04-16 10:25:22.323 [warning] [Decorations] CAPPING events from decorations provider vscode.git 2130
2023-04-16 10:25:22.738 [warning] [Decorations] CAPPING events from decorations provider vscode.git 2130
2023-04-16 10:25:26.203 [warning] [Decorations] CAPPING events from decorations provider vscode.git 2130
2023-04-16 10:25:31.250 [warning] [Decorations] CAPPING events from decorations provider vscode.git 2130
2023-04-16 10:25:36.296 [warning] [Decorations] CAPPING events from decorations provider vscode.git 2130
2023-04-16 10:25:41.343 [warning] [Decorations] CAPPING events from decorations provider vscode.git 2130
2023-04-16 10:28:46.283 [warning] [Decorations] CAPPING events from decorations provider vscode.git 2130
2023-04-16 10:28:51.339 [warning] [Decorations] CAPPING events from decorations provider vscode.git 2130
2023-04-16 10:28:57.833 [warning] [Decorations] CAPPING events from decorations provider vscode.git 2130
2023-04-16 10:29:02.886 [warning] [Decorations] CAPPING events from decorations provider vscode.git 2130
2023-04-16 10:29:07.935 [warning] [Decorations] CAPPING events from decorations provider vscode.git 2130
2023-04-16 10:29:12.986 [warning] [Decorations] CAPPING events from decorations provider vscode.git 2131
2023-04-16 10:29:22.614 [warning] [Decorations] CAPPING events from decorations provider vscode.git 2131
2023-04-16 10:29:27.661 [warning] [Decorations] CAPPING events from decorations provider vscode.git 2131
2023-04-16 10:29:32.711 [warning] [Decorations] CAPPING events from decorations provider vscode.git 2131
2023-04-16 10:29:37.764 [warning] [Decorations] CAPPING events from decorations provider vscode.git 2131
2023-04-16 10:29:42.818 [warning] [Decorations] CAPPING events from decorations provider vscode.git 2131
2023-04-16 10:29:47.865 [warning] [Decorations] CAPPING events from decorations provider vscode.git 2131
2023-04-16 10:29:52.913 [warning] [Decorations] CAPPING events from decorations provider vscode.git 2131
2023-04-16 10:30:29.130 [warning] [Decorations] CAPPING events from decorations provider vscode.git 2131
2023-04-16 10:30:40.209 [warning] [Decorations] CAPPING events from decorations provider vscode.git 2131
2023-04-16 10:30:45.266 [warning] [Decorations] CAPPING events from decorations provider vscode.git 2131
2023-04-16 10:30:50.312 [warning] [Decorations] CAPPING events from decorations provider vscode.git 2131
2023-04-16 10:30:55.362 [warning] [Decorations] CAPPING events from decorations provider vscode.git 2131
2023-04-16 10:31:00.415 [warning] [Decorations] CAPPING events from decorations provider vscode.git 2131
2023-04-16 10:31:06.075 [warning] [Decorations] CAPPING events from decorations provider vscode.git 2131
2023-04-16 10:31:11.122 [warning] [Decorations] CAPPING events from decorations provider vscode.git 2131
2023-04-16 10:31:16.167 [warning] [Decorations] CAPPING events from decorations provider vscode.git 2131
