2023-04-16 15:51:23.447 [info] Log level: Info
2023-04-16 15:51:23.447 [info] Validating found git in: "git"
2023-04-16 15:51:23.447 [info] Using git "2.34.1" from "git"
2023-04-16 15:51:23.447 [info] > git rev-parse --show-toplevel [76ms]
2023-04-16 15:51:23.447 [info] > git rev-parse --git-dir --git-common-dir [2ms]
2023-04-16 15:51:23.447 [info] Open repository: /home/dungcngo
2023-04-16 15:51:23.447 [info] > git rev-parse --show-toplevel [17ms]
2023-04-16 15:51:23.447 [info] > git config --get commit.template [15ms]
2023-04-16 15:51:23.447 [info] > git rev-parse --show-toplevel [9ms]
2023-04-16 15:51:23.447 [info] > git for-each-ref --format=%(refname)%00%(upstream:short)%00%(objectname)%00%(upstream:track)%00%(upstream:remotename)%00%(upstream:remoteref) refs/heads/main refs/remotes/main [5ms]
2023-04-16 15:51:23.447 [info] > git rev-parse --show-toplevel [25ms]
2023-04-16 15:51:23.447 [info] > git status -z -uall [107ms]
2023-04-16 15:51:23.447 [info] > git rev-parse --show-toplevel [121ms]
2023-04-16 15:51:23.447 [info] > git config --get commit.template [12ms]
2023-04-16 15:51:23.447 [info] > git for-each-ref --format=%(refname)%00%(upstream:short)%00%(objectname)%00%(upstream:track)%00%(upstream:remotename)%00%(upstream:remoteref) refs/heads/main refs/remotes/main [6ms]
2023-04-16 15:51:23.447 [info] > git status -z -uall [12ms]
2023-04-16 15:51:23.689 [info] > git show --textconv :LTM/btvn1/tcp_client.c [5ms]
2023-04-16 15:51:23.692 [info] > git ls-files --stage -- /home/dungcngo/LTM/btvn1/tcp_client.c [2ms]
2023-04-16 15:51:23.701 [info] > git cat-file -s aa0a01e6e6bb7043ecc1f53fc89f548de05bbbe4 [1ms]
2023-04-16 15:51:23.730 [info] > git check-ignore -v -z --stdin [6ms]
2023-04-16 15:51:26.115 [info] > git config --get commit.template [1ms]
2023-04-16 15:51:26.121 [info] > git for-each-ref --format=%(refname)%00%(upstream:short)%00%(objectname)%00%(upstream:track)%00%(upstream:remotename)%00%(upstream:remoteref) refs/heads/main refs/remotes/main [1ms]
2023-04-16 15:51:26.131 [info] > git status -z -uall [7ms]
2023-04-16 15:51:31.141 [info] > git config --get commit.template [1ms]
2023-04-16 15:51:31.147 [info] > git for-each-ref --format=%(refname)%00%(upstream:short)%00%(objectname)%00%(upstream:track)%00%(upstream:remotename)%00%(upstream:remoteref) refs/heads/main refs/remotes/main [1ms]
2023-04-16 15:51:31.158 [info] > git status -z -uall [8ms]
2023-04-16 15:51:39.369 [info] > git config --get commit.template [2ms]
2023-04-16 15:51:39.382 [info] > git for-each-ref --format=%(refname)%00%(upstream:short)%00%(objectname)%00%(upstream:track)%00%(upstream:remotename)%00%(upstream:remoteref) refs/heads/main refs/remotes/main [1ms]
2023-04-16 15:51:39.398 [info] > git status -z -uall [11ms]
2023-04-16 15:51:44.410 [info] > git config --get commit.template [2ms]
2023-04-16 15:51:44.414 [info] > git for-each-ref --format=%(refname)%00%(upstream:short)%00%(objectname)%00%(upstream:track)%00%(upstream:remotename)%00%(upstream:remoteref) refs/heads/main refs/remotes/main [0ms]
2023-04-16 15:51:44.426 [info] > git status -z -uall [9ms]
2023-04-16 15:51:49.448 [info] > git config --get commit.template [8ms]
2023-04-16 15:51:49.449 [info] > git for-each-ref --format=%(refname)%00%(upstream:short)%00%(objectname)%00%(upstream:track)%00%(upstream:remotename)%00%(upstream:remoteref) refs/heads/main refs/remotes/main [2ms]
2023-04-16 15:51:49.466 [info] > git status -z -uall [11ms]
2023-04-16 15:51:54.484 [info] > git config --get commit.template [4ms]
2023-04-16 15:51:54.485 [info] > git for-each-ref --format=%(refname)%00%(upstream:short)%00%(objectname)%00%(upstream:track)%00%(upstream:remotename)%00%(upstream:remoteref) refs/heads/main refs/remotes/main [1ms]
2023-04-16 15:51:54.497 [info] > git status -z -uall [9ms]
2023-04-16 15:51:59.511 [info] > git config --get commit.template [3ms]
2023-04-16 15:51:59.515 [info] > git for-each-ref --format=%(refname)%00%(upstream:short)%00%(objectname)%00%(upstream:track)%00%(upstream:remotename)%00%(upstream:remoteref) refs/heads/main refs/remotes/main [1ms]
2023-04-16 15:51:59.526 [info] > git status -z -uall [8ms]
2023-04-16 15:52:04.543 [info] > git config --get commit.template [4ms]
2023-04-16 15:52:04.543 [info] > git for-each-ref --format=%(refname)%00%(upstream:short)%00%(objectname)%00%(upstream:track)%00%(upstream:remotename)%00%(upstream:remoteref) refs/heads/main refs/remotes/main [1ms]
2023-04-16 15:52:04.554 [info] > git status -z -uall [8ms]
2023-04-16 15:52:09.566 [info] > git config --get commit.template [1ms]
2023-04-16 15:52:09.571 [info] > git for-each-ref --format=%(refname)%00%(upstream:short)%00%(objectname)%00%(upstream:track)%00%(upstream:remotename)%00%(upstream:remoteref) refs/heads/main refs/remotes/main [1ms]
2023-04-16 15:52:09.583 [info] > git status -z -uall [8ms]
2023-04-16 15:52:14.599 [info] > git config --get commit.template [4ms]
2023-04-16 15:52:14.600 [info] > git for-each-ref --format=%(refname)%00%(upstream:short)%00%(objectname)%00%(upstream:track)%00%(upstream:remotename)%00%(upstream:remoteref) refs/heads/main refs/remotes/main [2ms]
2023-04-16 15:52:14.613 [info] > git status -z -uall [9ms]
2023-04-16 15:52:19.621 [info] > git config --get commit.template [1ms]
2023-04-16 15:52:19.627 [info] > git for-each-ref --format=%(refname)%00%(upstream:short)%00%(objectname)%00%(upstream:track)%00%(upstream:remotename)%00%(upstream:remoteref) refs/heads/main refs/remotes/main [1ms]
2023-04-16 15:52:19.643 [info] > git status -z -uall [11ms]
2023-04-16 15:52:24.659 [info] > git config --get commit.template [2ms]
2023-04-16 15:52:24.663 [info] > git for-each-ref --format=%(refname)%00%(upstream:short)%00%(objectname)%00%(upstream:track)%00%(upstream:remotename)%00%(upstream:remoteref) refs/heads/main refs/remotes/main [1ms]
2023-04-16 15:52:24.675 [info] > git status -z -uall [9ms]
2023-04-16 15:52:29.686 [info] > git config --get commit.template [2ms]
2023-04-16 15:52:29.693 [info] > git for-each-ref --format=%(refname)%00%(upstream:short)%00%(objectname)%00%(upstream:track)%00%(upstream:remotename)%00%(upstream:remoteref) refs/heads/main refs/remotes/main [0ms]
2023-04-16 15:52:29.705 [info] > git status -z -uall [8ms]
2023-04-16 15:52:34.723 [info] > git config --get commit.template [4ms]
2023-04-16 15:52:34.723 [info] > git for-each-ref --format=%(refname)%00%(upstream:short)%00%(objectname)%00%(upstream:track)%00%(upstream:remotename)%00%(upstream:remoteref) refs/heads/main refs/remotes/main [1ms]
2023-04-16 15:52:34.738 [info] > git status -z -uall [12ms]
2023-04-16 15:52:39.756 [info] > git config --get commit.template [4ms]
2023-04-16 15:52:39.756 [info] > git for-each-ref --format=%(refname)%00%(upstream:short)%00%(objectname)%00%(upstream:track)%00%(upstream:remotename)%00%(upstream:remoteref) refs/heads/main refs/remotes/main [1ms]
2023-04-16 15:52:39.770 [info] > git status -z -uall [9ms]
2023-04-16 15:52:44.781 [info] > git config --get commit.template [1ms]
2023-04-16 15:52:44.785 [info] > git for-each-ref --format=%(refname)%00%(upstream:short)%00%(objectname)%00%(upstream:track)%00%(upstream:remotename)%00%(upstream:remoteref) refs/heads/main refs/remotes/main [1ms]
2023-04-16 15:52:44.796 [info] > git status -z -uall [7ms]
2023-04-16 15:52:49.810 [info] > git config --get commit.template [5ms]
2023-04-16 15:52:49.811 [info] > git for-each-ref --format=%(refname)%00%(upstream:short)%00%(objectname)%00%(upstream:track)%00%(upstream:remotename)%00%(upstream:remoteref) refs/heads/main refs/remotes/main [2ms]
2023-04-16 15:52:49.824 [info] > git status -z -uall [8ms]
2023-04-16 15:52:54.837 [info] > git config --get commit.template [3ms]
2023-04-16 15:52:54.845 [info] > git for-each-ref --format=%(refname)%00%(upstream:short)%00%(objectname)%00%(upstream:track)%00%(upstream:remotename)%00%(upstream:remoteref) refs/heads/main refs/remotes/main [2ms]
2023-04-16 15:52:54.862 [info] > git status -z -uall [12ms]
2023-04-16 15:52:59.879 [info] > git config --get commit.template [5ms]
2023-04-16 15:52:59.879 [info] > git for-each-ref --format=%(refname)%00%(upstream:short)%00%(objectname)%00%(upstream:track)%00%(upstream:remotename)%00%(upstream:remoteref) refs/heads/main refs/remotes/main [1ms]
2023-04-16 15:52:59.890 [info] > git status -z -uall [8ms]
2023-04-16 15:53:15.488 [info] > git config --get commit.template [3ms]
2023-04-16 15:53:15.496 [info] > git for-each-ref --format=%(refname)%00%(upstream:short)%00%(objectname)%00%(upstream:track)%00%(upstream:remotename)%00%(upstream:remoteref) refs/heads/main refs/remotes/main [3ms]
2023-04-16 15:53:15.510 [info] > git status -z -uall [10ms]
2023-04-16 15:53:20.528 [info] > git config --get commit.template [5ms]
2023-04-16 15:53:20.530 [info] > git for-each-ref --format=%(refname)%00%(upstream:short)%00%(objectname)%00%(upstream:track)%00%(upstream:remotename)%00%(upstream:remoteref) refs/heads/main refs/remotes/main [3ms]
2023-04-16 15:53:20.541 [info] > git status -z -uall [7ms]
2023-04-16 15:53:25.555 [info] > git config --get commit.template [4ms]
2023-04-16 15:53:25.556 [info] > git for-each-ref --format=%(refname)%00%(upstream:short)%00%(objectname)%00%(upstream:track)%00%(upstream:remotename)%00%(upstream:remoteref) refs/heads/main refs/remotes/main [1ms]
2023-04-16 15:53:25.567 [info] > git status -z -uall [8ms]
2023-04-16 15:53:30.580 [info] > git config --get commit.template [1ms]
2023-04-16 15:53:30.584 [info] > git for-each-ref --format=%(refname)%00%(upstream:short)%00%(objectname)%00%(upstream:track)%00%(upstream:remotename)%00%(upstream:remoteref) refs/heads/main refs/remotes/main [1ms]
2023-04-16 15:53:30.595 [info] > git status -z -uall [8ms]
2023-04-16 15:53:35.609 [info] > git config --get commit.template [1ms]
2023-04-16 15:53:35.616 [info] > git for-each-ref --format=%(refname)%00%(upstream:short)%00%(objectname)%00%(upstream:track)%00%(upstream:remotename)%00%(upstream:remoteref) refs/heads/main refs/remotes/main [2ms]
2023-04-16 15:53:35.631 [info] > git status -z -uall [9ms]
2023-04-16 15:53:40.645 [info] > git config --get commit.template [2ms]
2023-04-16 15:53:40.650 [info] > git for-each-ref --format=%(refname)%00%(upstream:short)%00%(objectname)%00%(upstream:track)%00%(upstream:remotename)%00%(upstream:remoteref) refs/heads/main refs/remotes/main [1ms]
2023-04-16 15:53:40.662 [info] > git status -z -uall [9ms]
2023-04-16 15:54:05.823 [info] > git config --get commit.template [4ms]
2023-04-16 15:54:05.832 [info] > git for-each-ref --format=%(refname)%00%(upstream:short)%00%(objectname)%00%(upstream:track)%00%(upstream:remotename)%00%(upstream:remoteref) refs/heads/main refs/remotes/main [4ms]
2023-04-16 15:54:05.847 [info] > git status -z -uall [11ms]
2023-04-16 15:54:10.861 [info] > git config --get commit.template [5ms]
2023-04-16 15:54:10.861 [info] > git for-each-ref --format=%(refname)%00%(upstream:short)%00%(objectname)%00%(upstream:track)%00%(upstream:remotename)%00%(upstream:remoteref) refs/heads/main refs/remotes/main [1ms]
2023-04-16 15:54:10.873 [info] > git status -z -uall [8ms]
2023-04-16 15:54:15.888 [info] > git config --get commit.template [4ms]
2023-04-16 15:54:15.888 [info] > git for-each-ref --format=%(refname)%00%(upstream:short)%00%(objectname)%00%(upstream:track)%00%(upstream:remotename)%00%(upstream:remoteref) refs/heads/main refs/remotes/main [1ms]
2023-04-16 15:54:15.899 [info] > git status -z -uall [8ms]
2023-04-16 15:54:20.910 [info] > git config --get commit.template [1ms]
2023-04-16 15:54:20.917 [info] > git for-each-ref --format=%(refname)%00%(upstream:short)%00%(objectname)%00%(upstream:track)%00%(upstream:remotename)%00%(upstream:remoteref) refs/heads/main refs/remotes/main [1ms]
2023-04-16 15:54:20.931 [info] > git status -z -uall [10ms]
2023-04-16 15:54:25.949 [info] > git config --get commit.template [5ms]
2023-04-16 15:54:25.949 [info] > git for-each-ref --format=%(refname)%00%(upstream:short)%00%(objectname)%00%(upstream:track)%00%(upstream:remotename)%00%(upstream:remoteref) refs/heads/main refs/remotes/main [1ms]
2023-04-16 15:54:25.960 [info] > git status -z -uall [8ms]
2023-04-16 15:54:30.977 [info] > git config --get commit.template [2ms]
2023-04-16 15:54:30.982 [info] > git for-each-ref --format=%(refname)%00%(upstream:short)%00%(objectname)%00%(upstream:track)%00%(upstream:remotename)%00%(upstream:remoteref) refs/heads/main refs/remotes/main [1ms]
2023-04-16 15:54:30.993 [info] > git status -z -uall [8ms]
2023-04-16 15:54:36.016 [info] > git config --get commit.template [10ms]
2023-04-16 15:54:36.017 [info] > git for-each-ref --format=%(refname)%00%(upstream:short)%00%(objectname)%00%(upstream:track)%00%(upstream:remotename)%00%(upstream:remoteref) refs/heads/main refs/remotes/main [4ms]
2023-04-16 15:54:36.030 [info] > git status -z -uall [8ms]
2023-04-16 15:54:41.049 [info] > git config --get commit.template [5ms]
2023-04-16 15:54:41.050 [info] > git for-each-ref --format=%(refname)%00%(upstream:short)%00%(objectname)%00%(upstream:track)%00%(upstream:remotename)%00%(upstream:remoteref) refs/heads/main refs/remotes/main [1ms]
2023-04-16 15:54:41.061 [info] > git status -z -uall [8ms]
2023-04-16 15:54:46.069 [info] > git config --get commit.template [1ms]
2023-04-16 15:54:46.075 [info] > git for-each-ref --format=%(refname)%00%(upstream:short)%00%(objectname)%00%(upstream:track)%00%(upstream:remotename)%00%(upstream:remoteref) refs/heads/main refs/remotes/main [0ms]
2023-04-16 15:54:46.085 [info] > git status -z -uall [8ms]
2023-04-16 15:54:51.104 [info] > git config --get commit.template [6ms]
2023-04-16 15:54:51.105 [info] > git for-each-ref --format=%(refname)%00%(upstream:short)%00%(objectname)%00%(upstream:track)%00%(upstream:remotename)%00%(upstream:remoteref) refs/heads/main refs/remotes/main [2ms]
2023-04-16 15:54:51.120 [info] > git status -z -uall [12ms]
2023-04-16 15:54:56.134 [info] > git config --get commit.template [1ms]
2023-04-16 15:54:56.138 [info] > git for-each-ref --format=%(refname)%00%(upstream:short)%00%(objectname)%00%(upstream:track)%00%(upstream:remotename)%00%(upstream:remoteref) refs/heads/main refs/remotes/main [0ms]
2023-04-16 15:54:56.149 [info] > git status -z -uall [9ms]
2023-04-16 15:55:01.163 [info] > git config --get commit.template [1ms]
2023-04-16 15:55:01.168 [info] > git for-each-ref --format=%(refname)%00%(upstream:short)%00%(objectname)%00%(upstream:track)%00%(upstream:remotename)%00%(upstream:remoteref) refs/heads/main refs/remotes/main [1ms]
2023-04-16 15:55:01.179 [info] > git status -z -uall [8ms]
2023-04-16 15:55:06.193 [info] > git config --get commit.template [4ms]
2023-04-16 15:55:06.193 [info] > git for-each-ref --format=%(refname)%00%(upstream:short)%00%(objectname)%00%(upstream:track)%00%(upstream:remotename)%00%(upstream:remoteref) refs/heads/main refs/remotes/main [1ms]
2023-04-16 15:55:06.206 [info] > git status -z -uall [10ms]
2023-04-16 15:55:11.217 [info] > git config --get commit.template [2ms]
2023-04-16 15:55:11.222 [info] > git for-each-ref --format=%(refname)%00%(upstream:short)%00%(objectname)%00%(upstream:track)%00%(upstream:remotename)%00%(upstream:remoteref) refs/heads/main refs/remotes/main [1ms]
2023-04-16 15:55:11.236 [info] > git status -z -uall [10ms]
2023-04-16 15:55:16.255 [info] > git config --get commit.template [7ms]
2023-04-16 15:55:16.256 [info] > git for-each-ref --format=%(refname)%00%(upstream:short)%00%(objectname)%00%(upstream:track)%00%(upstream:remotename)%00%(upstream:remoteref) refs/heads/main refs/remotes/main [2ms]
2023-04-16 15:55:16.270 [info] > git status -z -uall [10ms]
2023-04-16 15:55:21.285 [info] > git config --get commit.template [5ms]
2023-04-16 15:55:21.286 [info] > git for-each-ref --format=%(refname)%00%(upstream:short)%00%(objectname)%00%(upstream:track)%00%(upstream:remotename)%00%(upstream:remoteref) refs/heads/main refs/remotes/main [1ms]
2023-04-16 15:55:21.296 [info] > git status -z -uall [7ms]
2023-04-16 15:55:26.307 [info] > git config --get commit.template [1ms]
2023-04-16 15:55:26.313 [info] > git for-each-ref --format=%(refname)%00%(upstream:short)%00%(objectname)%00%(upstream:track)%00%(upstream:remotename)%00%(upstream:remoteref) refs/heads/main refs/remotes/main [1ms]
2023-04-16 15:55:26.326 [info] > git status -z -uall [9ms]
2023-04-16 15:55:31.339 [info] > git config --get commit.template [2ms]
2023-04-16 15:55:31.345 [info] > git for-each-ref --format=%(refname)%00%(upstream:short)%00%(objectname)%00%(upstream:track)%00%(upstream:remotename)%00%(upstream:remoteref) refs/heads/main refs/remotes/main [1ms]
2023-04-16 15:55:31.356 [info] > git status -z -uall [8ms]
2023-04-16 15:55:36.374 [info] > git config --get commit.template [5ms]
2023-04-16 15:55:36.375 [info] > git for-each-ref --format=%(refname)%00%(upstream:short)%00%(objectname)%00%(upstream:track)%00%(upstream:remotename)%00%(upstream:remoteref) refs/heads/main refs/remotes/main [1ms]
2023-04-16 15:55:36.391 [info] > git status -z -uall [11ms]
2023-04-16 15:55:41.406 [info] > git config --get commit.template [4ms]
2023-04-16 15:55:41.407 [info] > git for-each-ref --format=%(refname)%00%(upstream:short)%00%(objectname)%00%(upstream:track)%00%(upstream:remotename)%00%(upstream:remoteref) refs/heads/main refs/remotes/main [1ms]
2023-04-16 15:55:41.419 [info] > git status -z -uall [9ms]
2023-04-16 15:55:46.436 [info] > git config --get commit.template [6ms]
2023-04-16 15:55:46.437 [info] > git for-each-ref --format=%(refname)%00%(upstream:short)%00%(objectname)%00%(upstream:track)%00%(upstream:remotename)%00%(upstream:remoteref) refs/heads/main refs/remotes/main [1ms]
2023-04-16 15:55:46.449 [info] > git status -z -uall [8ms]
2023-04-16 15:55:52.530 [info] > git config --get commit.template [5ms]
2023-04-16 15:55:52.531 [info] > git for-each-ref --format=%(refname)%00%(upstream:short)%00%(objectname)%00%(upstream:track)%00%(upstream:remotename)%00%(upstream:remoteref) refs/heads/main refs/remotes/main [2ms]
2023-04-16 15:55:52.545 [info] > git status -z -uall [9ms]
2023-04-16 15:55:57.557 [info] > git config --get commit.template [5ms]
2023-04-16 15:55:57.558 [info] > git for-each-ref --format=%(refname)%00%(upstream:short)%00%(objectname)%00%(upstream:track)%00%(upstream:remotename)%00%(upstream:remoteref) refs/heads/main refs/remotes/main [2ms]
2023-04-16 15:55:57.569 [info] > git status -z -uall [8ms]
2023-04-16 15:56:07.375 [info] > git config --get commit.template [17ms]
2023-04-16 15:56:07.376 [info] > git for-each-ref --format=%(refname)%00%(upstream:short)%00%(objectname)%00%(upstream:track)%00%(upstream:remotename)%00%(upstream:remoteref) refs/heads/main refs/remotes/main [3ms]
2023-04-16 15:56:07.403 [info] > git status -z -uall [12ms]
2023-04-16 15:56:12.416 [info] > git config --get commit.template [1ms]
2023-04-16 15:56:12.422 [info] > git for-each-ref --format=%(refname)%00%(upstream:short)%00%(objectname)%00%(upstream:track)%00%(upstream:remotename)%00%(upstream:remoteref) refs/heads/main refs/remotes/main [1ms]
2023-04-16 15:56:12.433 [info] > git status -z -uall [8ms]
2023-04-16 15:56:19.192 [info] > git config --get commit.template [2ms]
2023-04-16 15:56:19.200 [info] > git for-each-ref --format=%(refname)%00%(upstream:short)%00%(objectname)%00%(upstream:track)%00%(upstream:remotename)%00%(upstream:remoteref) refs/heads/main refs/remotes/main [1ms]
2023-04-16 15:56:19.217 [info] > git status -z -uall [10ms]
2023-04-16 15:56:24.229 [info] > git config --get commit.template [1ms]
2023-04-16 15:56:24.235 [info] > git for-each-ref --format=%(refname)%00%(upstream:short)%00%(objectname)%00%(upstream:track)%00%(upstream:remotename)%00%(upstream:remoteref) refs/heads/main refs/remotes/main [1ms]
2023-04-16 15:56:24.248 [info] > git status -z -uall [8ms]
2023-04-16 15:56:29.263 [info] > git config --get commit.template [6ms]
2023-04-16 15:56:29.264 [info] > git for-each-ref --format=%(refname)%00%(upstream:short)%00%(objectname)%00%(upstream:track)%00%(upstream:remotename)%00%(upstream:remoteref) refs/heads/main refs/remotes/main [2ms]
2023-04-16 15:56:29.283 [info] > git status -z -uall [14ms]
2023-04-16 15:56:34.296 [info] > git config --get commit.template [1ms]
2023-04-16 15:56:34.300 [info] > git for-each-ref --format=%(refname)%00%(upstream:short)%00%(objectname)%00%(upstream:track)%00%(upstream:remotename)%00%(upstream:remoteref) refs/heads/main refs/remotes/main [1ms]
2023-04-16 15:56:34.312 [info] > git status -z -uall [9ms]
2023-04-16 15:56:39.328 [info] > git config --get commit.template [4ms]
2023-04-16 15:56:39.329 [info] > git for-each-ref --format=%(refname)%00%(upstream:short)%00%(objectname)%00%(upstream:track)%00%(upstream:remotename)%00%(upstream:remoteref) refs/heads/main refs/remotes/main [1ms]
2023-04-16 15:56:39.339 [info] > git status -z -uall [7ms]
2023-04-16 15:56:44.355 [info] > git config --get commit.template [5ms]
2023-04-16 15:56:44.355 [info] > git for-each-ref --format=%(refname)%00%(upstream:short)%00%(objectname)%00%(upstream:track)%00%(upstream:remotename)%00%(upstream:remoteref) refs/heads/main refs/remotes/main [1ms]
2023-04-16 15:56:44.365 [info] > git status -z -uall [7ms]
2023-04-16 15:56:49.383 [info] > git config --get commit.template [5ms]
2023-04-16 15:56:49.383 [info] > git for-each-ref --format=%(refname)%00%(upstream:short)%00%(objectname)%00%(upstream:track)%00%(upstream:remotename)%00%(upstream:remoteref) refs/heads/main refs/remotes/main [1ms]
2023-04-16 15:56:49.395 [info] > git status -z -uall [8ms]
2023-04-16 15:56:54.404 [info] > git config --get commit.template [1ms]
2023-04-16 15:56:54.410 [info] > git for-each-ref --format=%(refname)%00%(upstream:short)%00%(objectname)%00%(upstream:track)%00%(upstream:remotename)%00%(upstream:remoteref) refs/heads/main refs/remotes/main [1ms]
2023-04-16 15:56:54.421 [info] > git status -z -uall [8ms]
2023-04-16 15:56:59.434 [info] > git config --get commit.template [1ms]
2023-04-16 15:56:59.439 [info] > git for-each-ref --format=%(refname)%00%(upstream:short)%00%(objectname)%00%(upstream:track)%00%(upstream:remotename)%00%(upstream:remoteref) refs/heads/main refs/remotes/main [1ms]
2023-04-16 15:56:59.452 [info] > git status -z -uall [9ms]
2023-04-16 15:57:04.469 [info] > git config --get commit.template [5ms]
2023-04-16 15:57:04.471 [info] > git for-each-ref --format=%(refname)%00%(upstream:short)%00%(objectname)%00%(upstream:track)%00%(upstream:remotename)%00%(upstream:remoteref) refs/heads/main refs/remotes/main [2ms]
2023-04-16 15:57:04.487 [info] > git status -z -uall [10ms]
2023-04-16 15:57:09.508 [info] > git config --get commit.template [5ms]
2023-04-16 15:57:09.509 [info] > git for-each-ref --format=%(refname)%00%(upstream:short)%00%(objectname)%00%(upstream:track)%00%(upstream:remotename)%00%(upstream:remoteref) refs/heads/main refs/remotes/main [1ms]
2023-04-16 15:57:09.520 [info] > git status -z -uall [7ms]
2023-04-16 15:57:14.532 [info] > git config --get commit.template [1ms]
2023-04-16 15:57:14.538 [info] > git for-each-ref --format=%(refname)%00%(upstream:short)%00%(objectname)%00%(upstream:track)%00%(upstream:remotename)%00%(upstream:remoteref) refs/heads/main refs/remotes/main [1ms]
2023-04-16 15:57:14.549 [info] > git status -z -uall [8ms]
2023-04-16 15:57:19.563 [info] > git config --get commit.template [1ms]
2023-04-16 15:57:19.567 [info] > git for-each-ref --format=%(refname)%00%(upstream:short)%00%(objectname)%00%(upstream:track)%00%(upstream:remotename)%00%(upstream:remoteref) refs/heads/main refs/remotes/main [1ms]
2023-04-16 15:57:19.582 [info] > git status -z -uall [12ms]
2023-04-16 15:57:24.596 [info] > git config --get commit.template [4ms]
2023-04-16 15:57:24.597 [info] > git for-each-ref --format=%(refname)%00%(upstream:short)%00%(objectname)%00%(upstream:track)%00%(upstream:remotename)%00%(upstream:remoteref) refs/heads/main refs/remotes/main [1ms]
2023-04-16 15:57:24.609 [info] > git status -z -uall [9ms]
2023-04-16 15:57:29.620 [info] > git config --get commit.template [2ms]
2023-04-16 15:57:29.626 [info] > git for-each-ref --format=%(refname)%00%(upstream:short)%00%(objectname)%00%(upstream:track)%00%(upstream:remotename)%00%(upstream:remoteref) refs/heads/main refs/remotes/main [1ms]
2023-04-16 15:57:29.637 [info] > git status -z -uall [8ms]
2023-04-16 15:57:34.653 [info] > git config --get commit.template [4ms]
2023-04-16 15:57:34.654 [info] > git for-each-ref --format=%(refname)%00%(upstream:short)%00%(objectname)%00%(upstream:track)%00%(upstream:remotename)%00%(upstream:remoteref) refs/heads/main refs/remotes/main [1ms]
2023-04-16 15:57:34.666 [info] > git status -z -uall [9ms]
2023-04-16 15:57:39.683 [info] > git config --get commit.template [5ms]
2023-04-16 15:57:39.683 [info] > git for-each-ref --format=%(refname)%00%(upstream:short)%00%(objectname)%00%(upstream:track)%00%(upstream:remotename)%00%(upstream:remoteref) refs/heads/main refs/remotes/main [1ms]
2023-04-16 15:57:39.695 [info] > git status -z -uall [8ms]
2023-04-16 15:57:44.707 [info] > git config --get commit.template [2ms]
2023-04-16 15:57:44.711 [info] > git for-each-ref --format=%(refname)%00%(upstream:short)%00%(objectname)%00%(upstream:track)%00%(upstream:remotename)%00%(upstream:remoteref) refs/heads/main refs/remotes/main [1ms]
2023-04-16 15:57:44.724 [info] > git status -z -uall [9ms]
2023-04-16 15:58:29.531 [info] > git config --get commit.template [2ms]
2023-04-16 15:58:29.550 [info] > git for-each-ref --format=%(refname)%00%(upstream:short)%00%(objectname)%00%(upstream:track)%00%(upstream:remotename)%00%(upstream:remoteref) refs/heads/main refs/remotes/main [4ms]
2023-04-16 15:58:29.584 [info] > git status -z -uall [27ms]
2023-04-16 15:58:34.603 [info] > git config --get commit.template [5ms]
2023-04-16 15:58:34.604 [info] > git for-each-ref --format=%(refname)%00%(upstream:short)%00%(objectname)%00%(upstream:track)%00%(upstream:remotename)%00%(upstream:remoteref) refs/heads/main refs/remotes/main [1ms]
2023-04-16 15:58:34.616 [info] > git status -z -uall [8ms]
2023-04-16 15:58:39.625 [info] > git config --get commit.template [1ms]
2023-04-16 15:58:39.632 [info] > git for-each-ref --format=%(refname)%00%(upstream:short)%00%(objectname)%00%(upstream:track)%00%(upstream:remotename)%00%(upstream:remoteref) refs/heads/main refs/remotes/main [1ms]
2023-04-16 15:58:39.648 [info] > git status -z -uall [10ms]
2023-04-16 15:58:44.667 [info] > git config --get commit.template [9ms]
2023-04-16 15:58:44.668 [info] > git for-each-ref --format=%(refname)%00%(upstream:short)%00%(objectname)%00%(upstream:track)%00%(upstream:remotename)%00%(upstream:remoteref) refs/heads/main refs/remotes/main [1ms]
2023-04-16 15:58:44.685 [info] > git status -z -uall [11ms]
2023-04-16 15:58:49.696 [info] > git config --get commit.template [1ms]
2023-04-16 15:58:49.704 [info] > git for-each-ref --format=%(refname)%00%(upstream:short)%00%(objectname)%00%(upstream:track)%00%(upstream:remotename)%00%(upstream:remoteref) refs/heads/main refs/remotes/main [2ms]
2023-04-16 15:58:49.722 [info] > git status -z -uall [14ms]
2023-04-16 15:58:54.736 [info] > git config --get commit.template [2ms]
2023-04-16 15:58:54.741 [info] > git for-each-ref --format=%(refname)%00%(upstream:short)%00%(objectname)%00%(upstream:track)%00%(upstream:remotename)%00%(upstream:remoteref) refs/heads/main refs/remotes/main [1ms]
2023-04-16 15:58:54.754 [info] > git status -z -uall [9ms]
2023-04-16 15:58:59.766 [info] > git config --get commit.template [1ms]
2023-04-16 15:58:59.774 [info] > git for-each-ref --format=%(refname)%00%(upstream:short)%00%(objectname)%00%(upstream:track)%00%(upstream:remotename)%00%(upstream:remoteref) refs/heads/main refs/remotes/main [2ms]
2023-04-16 15:58:59.789 [info] > git status -z -uall [10ms]
2023-04-16 15:59:04.802 [info] > git config --get commit.template [1ms]
2023-04-16 15:59:04.807 [info] > git for-each-ref --format=%(refname)%00%(upstream:short)%00%(objectname)%00%(upstream:track)%00%(upstream:remotename)%00%(upstream:remoteref) refs/heads/main refs/remotes/main [1ms]
2023-04-16 15:59:04.820 [info] > git status -z -uall [8ms]
2023-04-16 15:59:09.830 [info] > git config --get commit.template [1ms]
2023-04-16 15:59:09.835 [info] > git for-each-ref --format=%(refname)%00%(upstream:short)%00%(objectname)%00%(upstream:track)%00%(upstream:remotename)%00%(upstream:remoteref) refs/heads/main refs/remotes/main [1ms]
2023-04-16 15:59:09.847 [info] > git status -z -uall [9ms]
2023-04-16 15:59:14.859 [info] > git config --get commit.template [1ms]
2023-04-16 15:59:14.864 [info] > git for-each-ref --format=%(refname)%00%(upstream:short)%00%(objectname)%00%(upstream:track)%00%(upstream:remotename)%00%(upstream:remoteref) refs/heads/main refs/remotes/main [0ms]
2023-04-16 15:59:14.876 [info] > git status -z -uall [9ms]
2023-04-16 15:59:19.890 [info] > git config --get commit.template [4ms]
2023-04-16 15:59:19.898 [info] > git for-each-ref --format=%(refname)%00%(upstream:short)%00%(objectname)%00%(upstream:track)%00%(upstream:remotename)%00%(upstream:remoteref) refs/heads/main refs/remotes/main [2ms]
2023-04-16 15:59:19.911 [info] > git status -z -uall [8ms]
2023-04-16 15:59:24.931 [info] > git config --get commit.template [6ms]
2023-04-16 15:59:24.931 [info] > git for-each-ref --format=%(refname)%00%(upstream:short)%00%(objectname)%00%(upstream:track)%00%(upstream:remotename)%00%(upstream:remoteref) refs/heads/main refs/remotes/main [3ms]
2023-04-16 15:59:24.941 [info] > git status -z -uall [7ms]
2023-04-16 15:59:29.958 [info] > git config --get commit.template [6ms]
2023-04-16 15:59:29.959 [info] > git for-each-ref --format=%(refname)%00%(upstream:short)%00%(objectname)%00%(upstream:track)%00%(upstream:remotename)%00%(upstream:remoteref) refs/heads/main refs/remotes/main [2ms]
2023-04-16 15:59:29.972 [info] > git status -z -uall [8ms]
2023-04-16 15:59:34.985 [info] > git config --get commit.template [4ms]
2023-04-16 15:59:34.986 [info] > git for-each-ref --format=%(refname)%00%(upstream:short)%00%(objectname)%00%(upstream:track)%00%(upstream:remotename)%00%(upstream:remoteref) refs/heads/main refs/remotes/main [1ms]
2023-04-16 15:59:34.998 [info] > git status -z -uall [9ms]
2023-04-16 15:59:40.008 [info] > git config --get commit.template [1ms]
2023-04-16 15:59:40.013 [info] > git for-each-ref --format=%(refname)%00%(upstream:short)%00%(objectname)%00%(upstream:track)%00%(upstream:remotename)%00%(upstream:remoteref) refs/heads/main refs/remotes/main [1ms]
2023-04-16 15:59:40.025 [info] > git status -z -uall [8ms]
2023-04-16 15:59:45.037 [info] > git config --get commit.template [1ms]
2023-04-16 15:59:45.043 [info] > git for-each-ref --format=%(refname)%00%(upstream:short)%00%(objectname)%00%(upstream:track)%00%(upstream:remotename)%00%(upstream:remoteref) refs/heads/main refs/remotes/main [1ms]
2023-04-16 15:59:45.056 [info] > git status -z -uall [9ms]
2023-04-16 15:59:50.070 [info] > git config --get commit.template [3ms]
2023-04-16 15:59:50.075 [info] > git for-each-ref --format=%(refname)%00%(upstream:short)%00%(objectname)%00%(upstream:track)%00%(upstream:remotename)%00%(upstream:remoteref) refs/heads/main refs/remotes/main [1ms]
2023-04-16 15:59:50.087 [info] > git status -z -uall [9ms]
2023-04-16 15:59:55.097 [info] > git config --get commit.template [2ms]
2023-04-16 15:59:55.103 [info] > git for-each-ref --format=%(refname)%00%(upstream:short)%00%(objectname)%00%(upstream:track)%00%(upstream:remotename)%00%(upstream:remoteref) refs/heads/main refs/remotes/main [1ms]
2023-04-16 15:59:55.114 [info] > git status -z -uall [8ms]
2023-04-16 16:00:00.127 [info] > git config --get commit.template [2ms]
2023-04-16 16:00:00.132 [info] > git for-each-ref --format=%(refname)%00%(upstream:short)%00%(objectname)%00%(upstream:track)%00%(upstream:remotename)%00%(upstream:remoteref) refs/heads/main refs/remotes/main [1ms]
2023-04-16 16:00:00.143 [info] > git status -z -uall [8ms]
2023-04-16 16:00:05.156 [info] > git config --get commit.template [1ms]
2023-04-16 16:00:05.163 [info] > git for-each-ref --format=%(refname)%00%(upstream:short)%00%(objectname)%00%(upstream:track)%00%(upstream:remotename)%00%(upstream:remoteref) refs/heads/main refs/remotes/main [1ms]
2023-04-16 16:00:05.180 [info] > git status -z -uall [11ms]
2023-04-16 16:00:10.200 [info] > git config --get commit.template [6ms]
2023-04-16 16:00:10.201 [info] > git for-each-ref --format=%(refname)%00%(upstream:short)%00%(objectname)%00%(upstream:track)%00%(upstream:remotename)%00%(upstream:remoteref) refs/heads/main refs/remotes/main [1ms]
2023-04-16 16:00:10.212 [info] > git status -z -uall [8ms]
2023-04-16 16:00:15.228 [info] > git config --get commit.template [4ms]
2023-04-16 16:00:15.228 [info] > git for-each-ref --format=%(refname)%00%(upstream:short)%00%(objectname)%00%(upstream:track)%00%(upstream:remotename)%00%(upstream:remoteref) refs/heads/main refs/remotes/main [1ms]
2023-04-16 16:00:15.241 [info] > git status -z -uall [8ms]
2023-04-16 16:01:45.324 [info] > git config --get commit.template [2ms]
2023-04-16 16:01:45.335 [info] > git for-each-ref --format=%(refname)%00%(upstream:short)%00%(objectname)%00%(upstream:track)%00%(upstream:remotename)%00%(upstream:remoteref) refs/heads/main refs/remotes/main [1ms]
2023-04-16 16:01:45.365 [info] > git status -z -uall [17ms]
2023-04-16 16:01:50.376 [info] > git config --get commit.template [1ms]
2023-04-16 16:01:50.382 [info] > git for-each-ref --format=%(refname)%00%(upstream:short)%00%(objectname)%00%(upstream:track)%00%(upstream:remotename)%00%(upstream:remoteref) refs/heads/main refs/remotes/main [1ms]
2023-04-16 16:01:50.398 [info] > git status -z -uall [11ms]
2023-04-16 16:01:55.410 [info] > git config --get commit.template [2ms]
2023-04-16 16:01:55.416 [info] > git for-each-ref --format=%(refname)%00%(upstream:short)%00%(objectname)%00%(upstream:track)%00%(upstream:remotename)%00%(upstream:remoteref) refs/heads/main refs/remotes/main [1ms]
2023-04-16 16:01:55.429 [info] > git status -z -uall [9ms]
2023-04-16 16:02:00.442 [info] > git config --get commit.template [1ms]
2023-04-16 16:02:00.451 [info] > git for-each-ref --format=%(refname)%00%(upstream:short)%00%(objectname)%00%(upstream:track)%00%(upstream:remotename)%00%(upstream:remoteref) refs/heads/main refs/remotes/main [2ms]
2023-04-16 16:02:00.467 [info] > git status -z -uall [10ms]
2023-04-16 16:02:05.487 [info] > git config --get commit.template [8ms]
2023-04-16 16:02:05.488 [info] > git for-each-ref --format=%(refname)%00%(upstream:short)%00%(objectname)%00%(upstream:track)%00%(upstream:remotename)%00%(upstream:remoteref) refs/heads/main refs/remotes/main [1ms]
2023-04-16 16:02:05.500 [info] > git status -z -uall [7ms]
2023-04-16 16:02:10.513 [info] > git config --get commit.template [4ms]
2023-04-16 16:02:10.514 [info] > git for-each-ref --format=%(refname)%00%(upstream:short)%00%(objectname)%00%(upstream:track)%00%(upstream:remotename)%00%(upstream:remoteref) refs/heads/main refs/remotes/main [1ms]
2023-04-16 16:02:10.525 [info] > git status -z -uall [8ms]
2023-04-16 16:02:15.540 [info] > git config --get commit.template [6ms]
2023-04-16 16:02:15.540 [info] > git for-each-ref --format=%(refname)%00%(upstream:short)%00%(objectname)%00%(upstream:track)%00%(upstream:remotename)%00%(upstream:remoteref) refs/heads/main refs/remotes/main [1ms]
2023-04-16 16:02:15.554 [info] > git status -z -uall [8ms]
2023-04-16 16:02:20.566 [info] > git config --get commit.template [1ms]
2023-04-16 16:02:20.571 [info] > git for-each-ref --format=%(refname)%00%(upstream:short)%00%(objectname)%00%(upstream:track)%00%(upstream:remotename)%00%(upstream:remoteref) refs/heads/main refs/remotes/main [1ms]
2023-04-16 16:02:20.582 [info] > git status -z -uall [7ms]
2023-04-16 16:02:25.597 [info] > git config --get commit.template [4ms]
2023-04-16 16:02:25.597 [info] > git for-each-ref --format=%(refname)%00%(upstream:short)%00%(objectname)%00%(upstream:track)%00%(upstream:remotename)%00%(upstream:remoteref) refs/heads/main refs/remotes/main [1ms]
2023-04-16 16:02:25.610 [info] > git status -z -uall [9ms]
2023-04-16 16:02:30.621 [info] > git config --get commit.template [1ms]
2023-04-16 16:02:30.626 [info] > git for-each-ref --format=%(refname)%00%(upstream:short)%00%(objectname)%00%(upstream:track)%00%(upstream:remotename)%00%(upstream:remoteref) refs/heads/main refs/remotes/main [1ms]
2023-04-16 16:02:30.637 [info] > git status -z -uall [8ms]
2023-04-16 16:02:35.653 [info] > git config --get commit.template [5ms]
2023-04-16 16:02:35.654 [info] > git for-each-ref --format=%(refname)%00%(upstream:short)%00%(objectname)%00%(upstream:track)%00%(upstream:remotename)%00%(upstream:remoteref) refs/heads/main refs/remotes/main [1ms]
2023-04-16 16:02:35.666 [info] > git status -z -uall [7ms]
2023-04-16 16:02:40.685 [info] > git config --get commit.template [6ms]
2023-04-16 16:02:40.687 [info] > git for-each-ref --format=%(refname)%00%(upstream:short)%00%(objectname)%00%(upstream:track)%00%(upstream:remotename)%00%(upstream:remoteref) refs/heads/main refs/remotes/main [3ms]
2023-04-16 16:02:40.705 [info] > git status -z -uall [11ms]
2023-04-16 16:02:45.727 [info] > git config --get commit.template [6ms]
2023-04-16 16:02:45.728 [info] > git for-each-ref --format=%(refname)%00%(upstream:short)%00%(objectname)%00%(upstream:track)%00%(upstream:remotename)%00%(upstream:remoteref) refs/heads/main refs/remotes/main [2ms]
2023-04-16 16:02:45.739 [info] > git status -z -uall [8ms]
2023-04-16 16:02:50.756 [info] > git config --get commit.template [5ms]
2023-04-16 16:02:50.757 [info] > git for-each-ref --format=%(refname)%00%(upstream:short)%00%(objectname)%00%(upstream:track)%00%(upstream:remotename)%00%(upstream:remoteref) refs/heads/main refs/remotes/main [1ms]
2023-04-16 16:02:50.769 [info] > git status -z -uall [9ms]
2023-04-16 16:02:55.787 [info] > git config --get commit.template [5ms]
2023-04-16 16:02:55.787 [info] > git for-each-ref --format=%(refname)%00%(upstream:short)%00%(objectname)%00%(upstream:track)%00%(upstream:remotename)%00%(upstream:remoteref) refs/heads/main refs/remotes/main [1ms]
2023-04-16 16:02:55.799 [info] > git status -z -uall [8ms]
2023-04-16 16:03:00.816 [info] > git config --get commit.template [5ms]
2023-04-16 16:03:00.817 [info] > git for-each-ref --format=%(refname)%00%(upstream:short)%00%(objectname)%00%(upstream:track)%00%(upstream:remotename)%00%(upstream:remoteref) refs/heads/main refs/remotes/main [1ms]
2023-04-16 16:03:00.831 [info] > git status -z -uall [9ms]
2023-04-16 16:03:05.843 [info] > git config --get commit.template [5ms]
2023-04-16 16:03:05.844 [info] > git for-each-ref --format=%(refname)%00%(upstream:short)%00%(objectname)%00%(upstream:track)%00%(upstream:remotename)%00%(upstream:remoteref) refs/heads/main refs/remotes/main [2ms]
2023-04-16 16:03:05.856 [info] > git status -z -uall [8ms]
2023-04-16 16:03:10.877 [info] > git config --get commit.template [5ms]
2023-04-16 16:03:10.877 [info] > git for-each-ref --format=%(refname)%00%(upstream:short)%00%(objectname)%00%(upstream:track)%00%(upstream:remotename)%00%(upstream:remoteref) refs/heads/main refs/remotes/main [0ms]
2023-04-16 16:03:10.891 [info] > git status -z -uall [9ms]
2023-04-16 16:03:15.908 [info] > git config --get commit.template [4ms]
2023-04-16 16:03:15.910 [info] > git for-each-ref --format=%(refname)%00%(upstream:short)%00%(objectname)%00%(upstream:track)%00%(upstream:remotename)%00%(upstream:remoteref) refs/heads/main refs/remotes/main [2ms]
2023-04-16 16:03:15.922 [info] > git status -z -uall [8ms]
2023-04-16 16:03:20.934 [info] > git config --get commit.template [1ms]
2023-04-16 16:03:20.939 [info] > git for-each-ref --format=%(refname)%00%(upstream:short)%00%(objectname)%00%(upstream:track)%00%(upstream:remotename)%00%(upstream:remoteref) refs/heads/main refs/remotes/main [2ms]
2023-04-16 16:03:20.951 [info] > git status -z -uall [8ms]
2023-04-16 16:03:25.970 [info] > git config --get commit.template [5ms]
2023-04-16 16:03:25.970 [info] > git for-each-ref --format=%(refname)%00%(upstream:short)%00%(objectname)%00%(upstream:track)%00%(upstream:remotename)%00%(upstream:remoteref) refs/heads/main refs/remotes/main [1ms]
2023-04-16 16:03:25.982 [info] > git status -z -uall [8ms]
2023-04-16 16:03:30.994 [info] > git config --get commit.template [0ms]
2023-04-16 16:03:30.998 [info] > git for-each-ref --format=%(refname)%00%(upstream:short)%00%(objectname)%00%(upstream:track)%00%(upstream:remotename)%00%(upstream:remoteref) refs/heads/main refs/remotes/main [0ms]
2023-04-16 16:03:31.008 [info] > git status -z -uall [7ms]
2023-04-16 16:03:36.021 [info] > git config --get commit.template [4ms]
2023-04-16 16:03:36.021 [info] > git for-each-ref --format=%(refname)%00%(upstream:short)%00%(objectname)%00%(upstream:track)%00%(upstream:remotename)%00%(upstream:remoteref) refs/heads/main refs/remotes/main [1ms]
2023-04-16 16:03:36.033 [info] > git status -z -uall [9ms]
2023-04-16 16:03:41.046 [info] > git config --get commit.template [1ms]
2023-04-16 16:03:41.051 [info] > git for-each-ref --format=%(refname)%00%(upstream:short)%00%(objectname)%00%(upstream:track)%00%(upstream:remotename)%00%(upstream:remoteref) refs/heads/main refs/remotes/main [1ms]
2023-04-16 16:03:41.063 [info] > git status -z -uall [8ms]
2023-04-16 16:03:46.083 [info] > git config --get commit.template [9ms]
2023-04-16 16:03:46.085 [info] > git for-each-ref --format=%(refname)%00%(upstream:short)%00%(objectname)%00%(upstream:track)%00%(upstream:remotename)%00%(upstream:remoteref) refs/heads/main refs/remotes/main [3ms]
2023-04-16 16:03:46.098 [info] > git status -z -uall [9ms]
2023-04-16 16:03:51.112 [info] > git config --get commit.template [1ms]
2023-04-16 16:03:51.119 [info] > git for-each-ref --format=%(refname)%00%(upstream:short)%00%(objectname)%00%(upstream:track)%00%(upstream:remotename)%00%(upstream:remoteref) refs/heads/main refs/remotes/main [1ms]
2023-04-16 16:03:51.133 [info] > git status -z -uall [11ms]
2023-04-16 16:03:56.148 [info] > git config --get commit.template [1ms]
2023-04-16 16:03:56.154 [info] > git for-each-ref --format=%(refname)%00%(upstream:short)%00%(objectname)%00%(upstream:track)%00%(upstream:remotename)%00%(upstream:remoteref) refs/heads/main refs/remotes/main [1ms]
2023-04-16 16:03:56.166 [info] > git status -z -uall [9ms]
2023-04-16 16:04:01.179 [info] > git config --get commit.template [5ms]
2023-04-16 16:04:01.180 [info] > git for-each-ref --format=%(refname)%00%(upstream:short)%00%(objectname)%00%(upstream:track)%00%(upstream:remotename)%00%(upstream:remoteref) refs/heads/main refs/remotes/main [1ms]
2023-04-16 16:04:01.192 [info] > git status -z -uall [9ms]
2023-04-16 16:04:06.209 [info] > git config --get commit.template [5ms]
2023-04-16 16:04:06.210 [info] > git for-each-ref --format=%(refname)%00%(upstream:short)%00%(objectname)%00%(upstream:track)%00%(upstream:remotename)%00%(upstream:remoteref) refs/heads/main refs/remotes/main [1ms]
2023-04-16 16:04:06.222 [info] > git status -z -uall [8ms]
2023-04-16 16:04:11.239 [info] > git config --get commit.template [6ms]
2023-04-16 16:04:11.240 [info] > git for-each-ref --format=%(refname)%00%(upstream:short)%00%(objectname)%00%(upstream:track)%00%(upstream:remotename)%00%(upstream:remoteref) refs/heads/main refs/remotes/main [1ms]
2023-04-16 16:04:11.254 [info] > git status -z -uall [11ms]
2023-04-16 16:04:16.267 [info] > git config --get commit.template [4ms]
2023-04-16 16:04:16.268 [info] > git for-each-ref --format=%(refname)%00%(upstream:short)%00%(objectname)%00%(upstream:track)%00%(upstream:remotename)%00%(upstream:remoteref) refs/heads/main refs/remotes/main [1ms]
2023-04-16 16:04:16.283 [info] > git status -z -uall [10ms]
2023-04-16 16:04:21.297 [info] > git config --get commit.template [5ms]
2023-04-16 16:04:21.297 [info] > git for-each-ref --format=%(refname)%00%(upstream:short)%00%(objectname)%00%(upstream:track)%00%(upstream:remotename)%00%(upstream:remoteref) refs/heads/main refs/remotes/main [1ms]
2023-04-16 16:04:21.308 [info] > git status -z -uall [8ms]
2023-04-16 16:04:26.319 [info] > git config --get commit.template [1ms]
2023-04-16 16:04:26.327 [info] > git for-each-ref --format=%(refname)%00%(upstream:short)%00%(objectname)%00%(upstream:track)%00%(upstream:remotename)%00%(upstream:remoteref) refs/heads/main refs/remotes/main [1ms]
2023-04-16 16:04:26.343 [info] > git status -z -uall [11ms]
2023-04-16 16:04:31.360 [info] > git config --get commit.template [4ms]
2023-04-16 16:04:31.361 [info] > git for-each-ref --format=%(refname)%00%(upstream:short)%00%(objectname)%00%(upstream:track)%00%(upstream:remotename)%00%(upstream:remoteref) refs/heads/main refs/remotes/main [1ms]
2023-04-16 16:04:31.374 [info] > git status -z -uall [9ms]
2023-04-16 16:04:36.387 [info] > git config --get commit.template [1ms]
2023-04-16 16:04:36.392 [info] > git for-each-ref --format=%(refname)%00%(upstream:short)%00%(objectname)%00%(upstream:track)%00%(upstream:remotename)%00%(upstream:remoteref) refs/heads/main refs/remotes/main [1ms]
2023-04-16 16:04:36.406 [info] > git status -z -uall [10ms]
2023-04-16 16:04:41.419 [info] > git config --get commit.template [1ms]
2023-04-16 16:04:41.423 [info] > git for-each-ref --format=%(refname)%00%(upstream:short)%00%(objectname)%00%(upstream:track)%00%(upstream:remotename)%00%(upstream:remoteref) refs/heads/main refs/remotes/main [0ms]
2023-04-16 16:04:41.435 [info] > git status -z -uall [9ms]
2023-04-16 16:04:46.443 [info] > git config --get commit.template [1ms]
2023-04-16 16:04:46.453 [info] > git for-each-ref --format=%(refname)%00%(upstream:short)%00%(objectname)%00%(upstream:track)%00%(upstream:remotename)%00%(upstream:remoteref) refs/heads/main refs/remotes/main [2ms]
2023-04-16 16:04:46.472 [info] > git status -z -uall [14ms]
2023-04-16 16:04:51.484 [info] > git config --get commit.template [0ms]
2023-04-16 16:04:51.487 [info] > git for-each-ref --format=%(refname)%00%(upstream:short)%00%(objectname)%00%(upstream:track)%00%(upstream:remotename)%00%(upstream:remoteref) refs/heads/main refs/remotes/main [0ms]
2023-04-16 16:04:51.500 [info] > git status -z -uall [9ms]
2023-04-16 16:04:56.516 [info] > git config --get commit.template [6ms]
2023-04-16 16:04:56.517 [info] > git for-each-ref --format=%(refname)%00%(upstream:short)%00%(objectname)%00%(upstream:track)%00%(upstream:remotename)%00%(upstream:remoteref) refs/heads/main refs/remotes/main [1ms]
2023-04-16 16:04:56.529 [info] > git status -z -uall [9ms]
2023-04-16 16:05:01.538 [info] > git config --get commit.template [1ms]
2023-04-16 16:05:01.543 [info] > git for-each-ref --format=%(refname)%00%(upstream:short)%00%(objectname)%00%(upstream:track)%00%(upstream:remotename)%00%(upstream:remoteref) refs/heads/main refs/remotes/main [1ms]
2023-04-16 16:05:01.556 [info] > git status -z -uall [9ms]
2023-04-16 16:05:06.570 [info] > git config --get commit.template [5ms]
2023-04-16 16:05:06.571 [info] > git for-each-ref --format=%(refname)%00%(upstream:short)%00%(objectname)%00%(upstream:track)%00%(upstream:remotename)%00%(upstream:remoteref) refs/heads/main refs/remotes/main [1ms]
2023-04-16 16:05:06.582 [info] > git status -z -uall [8ms]
2023-04-16 16:05:11.594 [info] > git config --get commit.template [5ms]
2023-04-16 16:05:11.594 [info] > git for-each-ref --format=%(refname)%00%(upstream:short)%00%(objectname)%00%(upstream:track)%00%(upstream:remotename)%00%(upstream:remoteref) refs/heads/main refs/remotes/main [1ms]
2023-04-16 16:05:11.609 [info] > git status -z -uall [11ms]
2023-04-16 16:05:16.630 [info] > git config --get commit.template [10ms]
2023-04-16 16:05:16.631 [info] > git for-each-ref --format=%(refname)%00%(upstream:short)%00%(objectname)%00%(upstream:track)%00%(upstream:remotename)%00%(upstream:remoteref) refs/heads/main refs/remotes/main [4ms]
2023-04-16 16:05:16.649 [info] > git status -z -uall [13ms]
2023-04-16 16:05:21.657 [info] > git config --get commit.template [1ms]
2023-04-16 16:05:21.663 [info] > git for-each-ref --format=%(refname)%00%(upstream:short)%00%(objectname)%00%(upstream:track)%00%(upstream:remotename)%00%(upstream:remoteref) refs/heads/main refs/remotes/main [1ms]
2023-04-16 16:05:21.676 [info] > git status -z -uall [8ms]
2023-04-16 16:05:26.688 [info] > git config --get commit.template [1ms]
2023-04-16 16:05:26.694 [info] > git for-each-ref --format=%(refname)%00%(upstream:short)%00%(objectname)%00%(upstream:track)%00%(upstream:remotename)%00%(upstream:remoteref) refs/heads/main refs/remotes/main [1ms]
2023-04-16 16:05:26.709 [info] > git status -z -uall [11ms]
2023-04-16 16:05:31.722 [info] > git config --get commit.template [5ms]
2023-04-16 16:05:31.722 [info] > git for-each-ref --format=%(refname)%00%(upstream:short)%00%(objectname)%00%(upstream:track)%00%(upstream:remotename)%00%(upstream:remoteref) refs/heads/main refs/remotes/main [1ms]
2023-04-16 16:05:31.737 [info] > git status -z -uall [12ms]
2023-04-16 16:05:36.751 [info] > git config --get commit.template [6ms]
2023-04-16 16:05:36.754 [info] > git for-each-ref --format=%(refname)%00%(upstream:short)%00%(objectname)%00%(upstream:track)%00%(upstream:remotename)%00%(upstream:remoteref) refs/heads/main refs/remotes/main [4ms]
2023-04-16 16:05:36.773 [info] > git status -z -uall [15ms]
2023-04-16 16:05:41.786 [info] > git config --get commit.template [4ms]
2023-04-16 16:05:41.787 [info] > git for-each-ref --format=%(refname)%00%(upstream:short)%00%(objectname)%00%(upstream:track)%00%(upstream:remotename)%00%(upstream:remoteref) refs/heads/main refs/remotes/main [1ms]
2023-04-16 16:05:41.800 [info] > git status -z -uall [10ms]
2023-04-16 16:05:46.812 [info] > git config --get commit.template [5ms]
2023-04-16 16:05:46.812 [info] > git for-each-ref --format=%(refname)%00%(upstream:short)%00%(objectname)%00%(upstream:track)%00%(upstream:remotename)%00%(upstream:remoteref) refs/heads/main refs/remotes/main [1ms]
2023-04-16 16:05:46.824 [info] > git status -z -uall [8ms]
2023-04-16 16:05:51.844 [info] > git config --get commit.template [7ms]
2023-04-16 16:05:51.844 [info] > git for-each-ref --format=%(refname)%00%(upstream:short)%00%(objectname)%00%(upstream:track)%00%(upstream:remotename)%00%(upstream:remoteref) refs/heads/main refs/remotes/main [2ms]
2023-04-16 16:05:51.856 [info] > git status -z -uall [9ms]
2023-04-16 16:05:56.873 [info] > git config --get commit.template [5ms]
2023-04-16 16:05:56.873 [info] > git for-each-ref --format=%(refname)%00%(upstream:short)%00%(objectname)%00%(upstream:track)%00%(upstream:remotename)%00%(upstream:remoteref) refs/heads/main refs/remotes/main [1ms]
2023-04-16 16:05:56.885 [info] > git status -z -uall [8ms]
2023-04-16 16:06:01.903 [info] > git for-each-ref --format=%(refname)%00%(upstream:short)%00%(objectname)%00%(upstream:track)%00%(upstream:remotename)%00%(upstream:remoteref) refs/heads/main refs/remotes/main [0ms]
2023-04-16 16:06:01.903 [info] > git config --get commit.template [7ms]
2023-04-16 16:06:01.914 [info] > git status -z -uall [8ms]
2023-04-16 16:06:06.931 [info] > git config --get commit.template [7ms]
2023-04-16 16:06:06.932 [info] > git for-each-ref --format=%(refname)%00%(upstream:short)%00%(objectname)%00%(upstream:track)%00%(upstream:remotename)%00%(upstream:remoteref) refs/heads/main refs/remotes/main [1ms]
2023-04-16 16:06:06.951 [info] > git status -z -uall [12ms]
2023-04-16 16:06:11.964 [info] > git config --get commit.template [4ms]
2023-04-16 16:06:11.965 [info] > git for-each-ref --format=%(refname)%00%(upstream:short)%00%(objectname)%00%(upstream:track)%00%(upstream:remotename)%00%(upstream:remoteref) refs/heads/main refs/remotes/main [1ms]
2023-04-16 16:06:11.977 [info] > git status -z -uall [9ms]
2023-04-16 16:07:08.081 [info] > git config --get commit.template [7ms]
2023-04-16 16:07:08.082 [info] > git for-each-ref --format=%(refname)%00%(upstream:short)%00%(objectname)%00%(upstream:track)%00%(upstream:remotename)%00%(upstream:remoteref) refs/heads/main refs/remotes/main [2ms]
2023-04-16 16:07:08.106 [info] > git status -z -uall [14ms]
2023-04-16 16:07:13.128 [info] > git config --get commit.template [6ms]
2023-04-16 16:07:13.128 [info] > git for-each-ref --format=%(refname)%00%(upstream:short)%00%(objectname)%00%(upstream:track)%00%(upstream:remotename)%00%(upstream:remoteref) refs/heads/main refs/remotes/main [1ms]
2023-04-16 16:07:13.140 [info] > git status -z -uall [9ms]
2023-04-16 16:07:18.156 [info] > git config --get commit.template [4ms]
2023-04-16 16:07:18.156 [info] > git for-each-ref --format=%(refname)%00%(upstream:short)%00%(objectname)%00%(upstream:track)%00%(upstream:remotename)%00%(upstream:remoteref) refs/heads/main refs/remotes/main [1ms]
2023-04-16 16:07:18.167 [info] > git status -z -uall [8ms]
2023-04-16 16:07:23.181 [info] > git config --get commit.template [1ms]
2023-04-16 16:07:23.188 [info] > git for-each-ref --format=%(refname)%00%(upstream:short)%00%(objectname)%00%(upstream:track)%00%(upstream:remotename)%00%(upstream:remoteref) refs/heads/main refs/remotes/main [2ms]
2023-04-16 16:07:23.199 [info] > git status -z -uall [8ms]
2023-04-16 16:07:28.214 [info] > git config --get commit.template [6ms]
2023-04-16 16:07:28.214 [info] > git for-each-ref --format=%(refname)%00%(upstream:short)%00%(objectname)%00%(upstream:track)%00%(upstream:remotename)%00%(upstream:remoteref) refs/heads/main refs/remotes/main [1ms]
2023-04-16 16:07:28.227 [info] > git status -z -uall [9ms]
2023-04-16 16:07:33.244 [info] > git config --get commit.template [5ms]
2023-04-16 16:07:33.245 [info] > git for-each-ref --format=%(refname)%00%(upstream:short)%00%(objectname)%00%(upstream:track)%00%(upstream:remotename)%00%(upstream:remoteref) refs/heads/main refs/remotes/main [2ms]
2023-04-16 16:07:33.256 [info] > git status -z -uall [8ms]
2023-04-16 16:07:38.269 [info] > git config --get commit.template [4ms]
2023-04-16 16:07:38.270 [info] > git for-each-ref --format=%(refname)%00%(upstream:short)%00%(objectname)%00%(upstream:track)%00%(upstream:remotename)%00%(upstream:remoteref) refs/heads/main refs/remotes/main [1ms]
2023-04-16 16:07:38.284 [info] > git status -z -uall [9ms]
2023-04-16 16:07:43.301 [info] > git config --get commit.template [6ms]
2023-04-16 16:07:43.302 [info] > git for-each-ref --format=%(refname)%00%(upstream:short)%00%(objectname)%00%(upstream:track)%00%(upstream:remotename)%00%(upstream:remoteref) refs/heads/main refs/remotes/main [1ms]
2023-04-16 16:07:43.314 [info] > git status -z -uall [8ms]
2023-04-16 16:07:48.323 [info] > git config --get commit.template [2ms]
2023-04-16 16:07:48.335 [info] > git for-each-ref --format=%(refname)%00%(upstream:short)%00%(objectname)%00%(upstream:track)%00%(upstream:remotename)%00%(upstream:remoteref) refs/heads/main refs/remotes/main [2ms]
2023-04-16 16:07:48.350 [info] > git status -z -uall [10ms]
2023-04-16 16:07:53.366 [info] > git config --get commit.template [4ms]
2023-04-16 16:07:53.367 [info] > git for-each-ref --format=%(refname)%00%(upstream:short)%00%(objectname)%00%(upstream:track)%00%(upstream:remotename)%00%(upstream:remoteref) refs/heads/main refs/remotes/main [1ms]
2023-04-16 16:07:53.378 [info] > git status -z -uall [8ms]
2023-04-16 16:07:58.395 [info] > git config --get commit.template [6ms]
2023-04-16 16:07:58.395 [info] > git for-each-ref --format=%(refname)%00%(upstream:short)%00%(objectname)%00%(upstream:track)%00%(upstream:remotename)%00%(upstream:remoteref) refs/heads/main refs/remotes/main [1ms]
2023-04-16 16:07:58.407 [info] > git status -z -uall [7ms]
2023-04-16 16:08:03.420 [info] > git config --get commit.template [5ms]
2023-04-16 16:08:03.420 [info] > git for-each-ref --format=%(refname)%00%(upstream:short)%00%(objectname)%00%(upstream:track)%00%(upstream:remotename)%00%(upstream:remoteref) refs/heads/main refs/remotes/main [1ms]
2023-04-16 16:08:03.433 [info] > git status -z -uall [8ms]
2023-04-16 16:08:08.449 [info] > git config --get commit.template [1ms]
2023-04-16 16:08:08.454 [info] > git for-each-ref --format=%(refname)%00%(upstream:short)%00%(objectname)%00%(upstream:track)%00%(upstream:remotename)%00%(upstream:remoteref) refs/heads/main refs/remotes/main [1ms]
2023-04-16 16:08:08.466 [info] > git status -z -uall [7ms]
2023-04-16 16:08:13.478 [info] > git config --get commit.template [3ms]
2023-04-16 16:08:13.485 [info] > git for-each-ref --format=%(refname)%00%(upstream:short)%00%(objectname)%00%(upstream:track)%00%(upstream:remotename)%00%(upstream:remoteref) refs/heads/main refs/remotes/main [1ms]
2023-04-16 16:08:13.504 [info] > git status -z -uall [10ms]
2023-04-16 16:08:41.715 [info] > git config --get commit.template [3ms]
2023-04-16 16:08:41.727 [info] > git for-each-ref --format=%(refname)%00%(upstream:short)%00%(objectname)%00%(upstream:track)%00%(upstream:remotename)%00%(upstream:remoteref) refs/heads/main refs/remotes/main [3ms]
2023-04-16 16:08:41.752 [info] > git status -z -uall [18ms]
2023-04-16 16:09:01.614 [info] > git config --get commit.template [5ms]
2023-04-16 16:09:01.621 [info] > git for-each-ref --format=%(refname)%00%(upstream:short)%00%(objectname)%00%(upstream:track)%00%(upstream:remotename)%00%(upstream:remoteref) refs/heads/main refs/remotes/main [1ms]
2023-04-16 16:09:01.638 [info] > git status -z -uall [13ms]
2023-04-16 16:09:06.651 [info] > git config --get commit.template [1ms]
2023-04-16 16:09:06.656 [info] > git for-each-ref --format=%(refname)%00%(upstream:short)%00%(objectname)%00%(upstream:track)%00%(upstream:remotename)%00%(upstream:remoteref) refs/heads/main refs/remotes/main [1ms]
2023-04-16 16:09:06.670 [info] > git status -z -uall [8ms]
2023-04-16 16:09:11.679 [info] > git config --get commit.template [2ms]
2023-04-16 16:09:11.687 [info] > git for-each-ref --format=%(refname)%00%(upstream:short)%00%(objectname)%00%(upstream:track)%00%(upstream:remotename)%00%(upstream:remoteref) refs/heads/main refs/remotes/main [3ms]
2023-04-16 16:09:11.703 [info] > git status -z -uall [10ms]
2023-04-16 16:09:22.075 [info] > git config --get commit.template [3ms]
2023-04-16 16:09:22.087 [info] > git for-each-ref --format=%(refname)%00%(upstream:short)%00%(objectname)%00%(upstream:track)%00%(upstream:remotename)%00%(upstream:remoteref) refs/heads/main refs/remotes/main [2ms]
2023-04-16 16:09:22.105 [info] > git status -z -uall [13ms]
2023-04-16 16:09:27.122 [info] > git config --get commit.template [5ms]
2023-04-16 16:09:27.122 [info] > git for-each-ref --format=%(refname)%00%(upstream:short)%00%(objectname)%00%(upstream:track)%00%(upstream:remotename)%00%(upstream:remoteref) refs/heads/main refs/remotes/main [1ms]
2023-04-16 16:09:27.134 [info] > git status -z -uall [8ms]
2023-04-16 16:09:32.152 [info] > git config --get commit.template [5ms]
2023-04-16 16:09:32.152 [info] > git for-each-ref --format=%(refname)%00%(upstream:short)%00%(objectname)%00%(upstream:track)%00%(upstream:remotename)%00%(upstream:remoteref) refs/heads/main refs/remotes/main [1ms]
2023-04-16 16:09:32.164 [info] > git status -z -uall [8ms]
2023-04-16 16:09:37.176 [info] > git config --get commit.template [6ms]
2023-04-16 16:09:37.177 [info] > git for-each-ref --format=%(refname)%00%(upstream:short)%00%(objectname)%00%(upstream:track)%00%(upstream:remotename)%00%(upstream:remoteref) refs/heads/main refs/remotes/main [1ms]
2023-04-16 16:09:37.191 [info] > git status -z -uall [7ms]
2023-04-16 16:09:42.207 [info] > git config --get commit.template [6ms]
2023-04-16 16:09:42.208 [info] > git for-each-ref --format=%(refname)%00%(upstream:short)%00%(objectname)%00%(upstream:track)%00%(upstream:remotename)%00%(upstream:remoteref) refs/heads/main refs/remotes/main [1ms]
2023-04-16 16:09:42.222 [info] > git status -z -uall [10ms]
2023-04-16 16:09:47.236 [info] > git config --get commit.template [4ms]
2023-04-16 16:09:47.236 [info] > git for-each-ref --format=%(refname)%00%(upstream:short)%00%(objectname)%00%(upstream:track)%00%(upstream:remotename)%00%(upstream:remoteref) refs/heads/main refs/remotes/main [1ms]
2023-04-16 16:09:47.248 [info] > git status -z -uall [8ms]
2023-04-16 16:09:52.261 [info] > git config --get commit.template [1ms]
2023-04-16 16:09:52.267 [info] > git for-each-ref --format=%(refname)%00%(upstream:short)%00%(objectname)%00%(upstream:track)%00%(upstream:remotename)%00%(upstream:remoteref) refs/heads/main refs/remotes/main [1ms]
2023-04-16 16:09:52.280 [info] > git status -z -uall [8ms]
2023-04-16 16:10:22.754 [info] > git config --get commit.template [2ms]
2023-04-16 16:10:22.769 [info] > git for-each-ref --format=%(refname)%00%(upstream:short)%00%(objectname)%00%(upstream:track)%00%(upstream:remotename)%00%(upstream:remoteref) refs/heads/main refs/remotes/main [5ms]
2023-04-16 16:10:22.790 [info] > git status -z -uall [14ms]
2023-04-16 16:11:32.637 [info] > git config --get commit.template [2ms]
2023-04-16 16:11:32.644 [info] > git for-each-ref --format=%(refname)%00%(upstream:short)%00%(objectname)%00%(upstream:track)%00%(upstream:remotename)%00%(upstream:remoteref) refs/heads/main refs/remotes/main [1ms]
2023-04-16 16:11:32.659 [info] > git status -z -uall [11ms]
2023-04-16 16:11:37.772 [info] > git config --get commit.template [5ms]
2023-04-16 16:11:37.783 [info] > git for-each-ref --format=%(refname)%00%(upstream:short)%00%(objectname)%00%(upstream:track)%00%(upstream:remotename)%00%(upstream:remoteref) refs/heads/main refs/remotes/main [2ms]
2023-04-16 16:11:37.804 [info] > git status -z -uall [12ms]
2023-04-16 16:11:42.816 [info] > git config --get commit.template [1ms]
2023-04-16 16:11:42.825 [info] > git for-each-ref --format=%(refname)%00%(upstream:short)%00%(objectname)%00%(upstream:track)%00%(upstream:remotename)%00%(upstream:remoteref) refs/heads/main refs/remotes/main [3ms]
2023-04-16 16:11:42.839 [info] > git status -z -uall [9ms]
2023-04-16 16:11:48.649 [info] > git config --get commit.template [6ms]
2023-04-16 16:11:48.663 [info] > git for-each-ref --format=%(refname)%00%(upstream:short)%00%(objectname)%00%(upstream:track)%00%(upstream:remotename)%00%(upstream:remoteref) refs/heads/main refs/remotes/main [2ms]
2023-04-16 16:11:48.685 [info] > git status -z -uall [11ms]
2023-04-16 16:11:55.214 [info] > git config --get commit.template [17ms]
2023-04-16 16:11:55.215 [info] > git for-each-ref --format=%(refname)%00%(upstream:short)%00%(objectname)%00%(upstream:track)%00%(upstream:remotename)%00%(upstream:remoteref) refs/heads/main refs/remotes/main [2ms]
2023-04-16 16:11:55.233 [info] > git status -z -uall [10ms]
2023-04-16 16:12:00.252 [info] > git config --get commit.template [5ms]
2023-04-16 16:12:00.253 [info] > git for-each-ref --format=%(refname)%00%(upstream:short)%00%(objectname)%00%(upstream:track)%00%(upstream:remotename)%00%(upstream:remoteref) refs/heads/main refs/remotes/main [1ms]
2023-04-16 16:12:00.264 [info] > git status -z -uall [8ms]
2023-04-16 16:12:05.358 [info] > git config --get commit.template [12ms]
2023-04-16 16:12:05.359 [info] > git for-each-ref --format=%(refname)%00%(upstream:short)%00%(objectname)%00%(upstream:track)%00%(upstream:remotename)%00%(upstream:remoteref) refs/heads/main refs/remotes/main [2ms]
2023-04-16 16:12:05.378 [info] > git status -z -uall [12ms]
2023-04-16 16:12:10.392 [info] > git config --get commit.template [2ms]
2023-04-16 16:12:10.397 [info] > git for-each-ref --format=%(refname)%00%(upstream:short)%00%(objectname)%00%(upstream:track)%00%(upstream:remotename)%00%(upstream:remoteref) refs/heads/main refs/remotes/main [1ms]
2023-04-16 16:12:10.408 [info] > git status -z -uall [8ms]
2023-04-16 16:12:15.426 [info] > git config --get commit.template [6ms]
2023-04-16 16:12:15.426 [info] > git for-each-ref --format=%(refname)%00%(upstream:short)%00%(objectname)%00%(upstream:track)%00%(upstream:remotename)%00%(upstream:remoteref) refs/heads/main refs/remotes/main [1ms]
2023-04-16 16:12:15.437 [info] > git status -z -uall [8ms]
2023-04-16 16:12:20.452 [info] > git config --get commit.template [4ms]
2023-04-16 16:12:20.452 [info] > git for-each-ref --format=%(refname)%00%(upstream:short)%00%(objectname)%00%(upstream:track)%00%(upstream:remotename)%00%(upstream:remoteref) refs/heads/main refs/remotes/main [1ms]
2023-04-16 16:12:20.464 [info] > git status -z -uall [8ms]
2023-04-16 16:12:25.481 [info] > git config --get commit.template [4ms]
2023-04-16 16:12:25.482 [info] > git for-each-ref --format=%(refname)%00%(upstream:short)%00%(objectname)%00%(upstream:track)%00%(upstream:remotename)%00%(upstream:remoteref) refs/heads/main refs/remotes/main [1ms]
2023-04-16 16:12:25.494 [info] > git status -z -uall [9ms]
2023-04-16 16:12:30.510 [info] > git config --get commit.template [6ms]
2023-04-16 16:12:30.511 [info] > git for-each-ref --format=%(refname)%00%(upstream:short)%00%(objectname)%00%(upstream:track)%00%(upstream:remotename)%00%(upstream:remoteref) refs/heads/main refs/remotes/main [1ms]
2023-04-16 16:12:30.523 [info] > git status -z -uall [9ms]
2023-04-16 16:12:35.535 [info] > git config --get commit.template [1ms]
2023-04-16 16:12:35.542 [info] > git for-each-ref --format=%(refname)%00%(upstream:short)%00%(objectname)%00%(upstream:track)%00%(upstream:remotename)%00%(upstream:remoteref) refs/heads/main refs/remotes/main [2ms]
2023-04-16 16:12:35.553 [info] > git status -z -uall [7ms]
2023-04-16 16:12:40.566 [info] > git config --get commit.template [3ms]
2023-04-16 16:12:40.567 [info] > git for-each-ref --format=%(refname)%00%(upstream:short)%00%(objectname)%00%(upstream:track)%00%(upstream:remotename)%00%(upstream:remoteref) refs/heads/main refs/remotes/main [1ms]
2023-04-16 16:12:40.578 [info] > git status -z -uall [7ms]
2023-04-16 16:12:45.590 [info] > git config --get commit.template [2ms]
2023-04-16 16:12:45.595 [info] > git for-each-ref --format=%(refname)%00%(upstream:short)%00%(objectname)%00%(upstream:track)%00%(upstream:remotename)%00%(upstream:remoteref) refs/heads/main refs/remotes/main [1ms]
2023-04-16 16:12:45.607 [info] > git status -z -uall [9ms]
2023-04-16 16:16:51.380 [info] > git config --get commit.template [3ms]
2023-04-16 16:16:51.389 [info] > git for-each-ref --format=%(refname)%00%(upstream:short)%00%(objectname)%00%(upstream:track)%00%(upstream:remotename)%00%(upstream:remoteref) refs/heads/main refs/remotes/main [2ms]
2023-04-16 16:16:51.409 [info] > git status -z -uall [13ms]
2023-04-16 16:16:56.424 [info] > git config --get commit.template [4ms]
2023-04-16 16:16:56.425 [info] > git for-each-ref --format=%(refname)%00%(upstream:short)%00%(objectname)%00%(upstream:track)%00%(upstream:remotename)%00%(upstream:remoteref) refs/heads/main refs/remotes/main [1ms]
2023-04-16 16:16:56.439 [info] > git status -z -uall [10ms]
2023-04-16 16:17:01.451 [info] > git config --get commit.template [4ms]
2023-04-16 16:17:01.452 [info] > git for-each-ref --format=%(refname)%00%(upstream:short)%00%(objectname)%00%(upstream:track)%00%(upstream:remotename)%00%(upstream:remoteref) refs/heads/main refs/remotes/main [1ms]
2023-04-16 16:17:01.464 [info] > git status -z -uall [8ms]
2023-04-16 16:17:01.644 [info] > git ls-files --stage -- /home/dungcngo/LTM/btvn1/tcp_client.c [2ms]
2023-04-16 16:17:01.650 [info] > git cat-file -s 00677142ab1557077430202c89434cfd65eb28a6 [1ms]
2023-04-16 16:17:01.662 [info] > git show --textconv :LTM/btvn1/tcp_client.c [2ms]
2023-04-16 16:17:06.479 [info] > git config --get commit.template [4ms]
2023-04-16 16:17:06.480 [info] > git for-each-ref --format=%(refname)%00%(upstream:short)%00%(objectname)%00%(upstream:track)%00%(upstream:remotename)%00%(upstream:remoteref) refs/heads/main refs/remotes/main [1ms]
2023-04-16 16:17:06.492 [info] > git status -z -uall [8ms]
2023-04-16 16:17:11.507 [info] > git config --get commit.template [5ms]
2023-04-16 16:17:11.509 [info] > git for-each-ref --format=%(refname)%00%(upstream:short)%00%(objectname)%00%(upstream:track)%00%(upstream:remotename)%00%(upstream:remoteref) refs/heads/main refs/remotes/main [2ms]
2023-04-16 16:17:11.522 [info] > git status -z -uall [9ms]
2023-04-16 16:17:16.537 [info] > git config --get commit.template [4ms]
2023-04-16 16:17:16.537 [info] > git for-each-ref --format=%(refname)%00%(upstream:short)%00%(objectname)%00%(upstream:track)%00%(upstream:remotename)%00%(upstream:remoteref) refs/heads/main refs/remotes/main [1ms]
2023-04-16 16:17:16.549 [info] > git status -z -uall [8ms]
2023-04-16 16:17:31.162 [info] > git config --get commit.template [2ms]
2023-04-16 16:17:31.173 [info] > git for-each-ref --format=%(refname)%00%(upstream:short)%00%(objectname)%00%(upstream:track)%00%(upstream:remotename)%00%(upstream:remoteref) refs/heads/main refs/remotes/main [4ms]
2023-04-16 16:17:31.201 [info] > git status -z -uall [18ms]
2023-04-16 16:17:37.016 [info] > git config --get commit.template [14ms]
2023-04-16 16:17:37.017 [info] > git for-each-ref --format=%(refname)%00%(upstream:short)%00%(objectname)%00%(upstream:track)%00%(upstream:remotename)%00%(upstream:remoteref) refs/heads/main refs/remotes/main [1ms]
2023-04-16 16:17:37.033 [info] > git status -z -uall [9ms]
2023-04-16 16:17:46.303 [info] > git config --get commit.template [10ms]
2023-04-16 16:17:46.305 [info] > git for-each-ref --format=%(refname)%00%(upstream:short)%00%(objectname)%00%(upstream:track)%00%(upstream:remotename)%00%(upstream:remoteref) refs/heads/main refs/remotes/main [2ms]
2023-04-16 16:17:46.322 [info] > git status -z -uall [9ms]
2023-04-16 16:17:51.341 [info] > git config --get commit.template [5ms]
2023-04-16 16:17:51.341 [info] > git for-each-ref --format=%(refname)%00%(upstream:short)%00%(objectname)%00%(upstream:track)%00%(upstream:remotename)%00%(upstream:remoteref) refs/heads/main refs/remotes/main [1ms]
2023-04-16 16:17:51.352 [info] > git status -z -uall [8ms]
2023-04-16 16:17:56.365 [info] > git config --get commit.template [2ms]
2023-04-16 16:17:56.374 [info] > git for-each-ref --format=%(refname)%00%(upstream:short)%00%(objectname)%00%(upstream:track)%00%(upstream:remotename)%00%(upstream:remoteref) refs/heads/main refs/remotes/main [2ms]
2023-04-16 16:17:56.391 [info] > git status -z -uall [11ms]
2023-04-16 16:18:01.409 [info] > git config --get commit.template [7ms]
2023-04-16 16:18:01.409 [info] > git for-each-ref --format=%(refname)%00%(upstream:short)%00%(objectname)%00%(upstream:track)%00%(upstream:remotename)%00%(upstream:remoteref) refs/heads/main refs/remotes/main [1ms]
2023-04-16 16:18:01.420 [info] > git status -z -uall [7ms]
2023-04-16 16:18:06.432 [info] > git config --get commit.template [1ms]
2023-04-16 16:18:06.437 [info] > git for-each-ref --format=%(refname)%00%(upstream:short)%00%(objectname)%00%(upstream:track)%00%(upstream:remotename)%00%(upstream:remoteref) refs/heads/main refs/remotes/main [1ms]
2023-04-16 16:18:06.450 [info] > git status -z -uall [9ms]
2023-04-16 16:18:11.466 [info] > git config --get commit.template [5ms]
2023-04-16 16:18:11.467 [info] > git for-each-ref --format=%(refname)%00%(upstream:short)%00%(objectname)%00%(upstream:track)%00%(upstream:remotename)%00%(upstream:remoteref) refs/heads/main refs/remotes/main [1ms]
2023-04-16 16:18:11.479 [info] > git status -z -uall [9ms]
2023-04-16 16:18:16.492 [info] > git config --get commit.template [5ms]
2023-04-16 16:18:16.493 [info] > git for-each-ref --format=%(refname)%00%(upstream:short)%00%(objectname)%00%(upstream:track)%00%(upstream:remotename)%00%(upstream:remoteref) refs/heads/main refs/remotes/main [1ms]
2023-04-16 16:18:16.515 [info] > git status -z -uall [14ms]
2023-04-16 16:18:21.527 [info] > git config --get commit.template [1ms]
2023-04-16 16:18:21.532 [info] > git for-each-ref --format=%(refname)%00%(upstream:short)%00%(objectname)%00%(upstream:track)%00%(upstream:remotename)%00%(upstream:remoteref) refs/heads/main refs/remotes/main [1ms]
2023-04-16 16:18:21.544 [info] > git status -z -uall [9ms]
2023-04-16 16:18:26.556 [info] > git config --get commit.template [5ms]
2023-04-16 16:18:26.556 [info] > git for-each-ref --format=%(refname)%00%(upstream:short)%00%(objectname)%00%(upstream:track)%00%(upstream:remotename)%00%(upstream:remoteref) refs/heads/main refs/remotes/main [1ms]
2023-04-16 16:18:26.568 [info] > git status -z -uall [8ms]
2023-04-16 16:18:31.588 [info] > git for-each-ref --format=%(refname)%00%(upstream:short)%00%(objectname)%00%(upstream:track)%00%(upstream:remotename)%00%(upstream:remoteref) refs/heads/main refs/remotes/main [1ms]
2023-04-16 16:18:31.588 [info] > git config --get commit.template [6ms]
2023-04-16 16:18:31.599 [info] > git status -z -uall [7ms]
2023-04-16 16:18:36.613 [info] > git config --get commit.template [1ms]
2023-04-16 16:18:36.618 [info] > git for-each-ref --format=%(refname)%00%(upstream:short)%00%(objectname)%00%(upstream:track)%00%(upstream:remotename)%00%(upstream:remoteref) refs/heads/main refs/remotes/main [0ms]
2023-04-16 16:18:36.628 [info] > git status -z -uall [7ms]
2023-04-16 16:18:41.639 [info] > git config --get commit.template [1ms]
2023-04-16 16:18:41.644 [info] > git for-each-ref --format=%(refname)%00%(upstream:short)%00%(objectname)%00%(upstream:track)%00%(upstream:remotename)%00%(upstream:remoteref) refs/heads/main refs/remotes/main [1ms]
2023-04-16 16:18:41.659 [info] > git status -z -uall [10ms]
2023-04-16 16:18:46.670 [info] > git config --get commit.template [1ms]
2023-04-16 16:18:46.676 [info] > git for-each-ref --format=%(refname)%00%(upstream:short)%00%(objectname)%00%(upstream:track)%00%(upstream:remotename)%00%(upstream:remoteref) refs/heads/main refs/remotes/main [2ms]
2023-04-16 16:18:46.687 [info] > git status -z -uall [8ms]
2023-04-16 16:18:51.699 [info] > git config --get commit.template [1ms]
2023-04-16 16:18:51.704 [info] > git for-each-ref --format=%(refname)%00%(upstream:short)%00%(objectname)%00%(upstream:track)%00%(upstream:remotename)%00%(upstream:remoteref) refs/heads/main refs/remotes/main [1ms]
2023-04-16 16:18:51.716 [info] > git status -z -uall [9ms]
2023-04-16 16:18:56.728 [info] > git config --get commit.template [1ms]
2023-04-16 16:18:56.733 [info] > git for-each-ref --format=%(refname)%00%(upstream:short)%00%(objectname)%00%(upstream:track)%00%(upstream:remotename)%00%(upstream:remoteref) refs/heads/main refs/remotes/main [1ms]
2023-04-16 16:18:56.744 [info] > git status -z -uall [8ms]
2023-04-16 16:19:01.758 [info] > git config --get commit.template [5ms]
2023-04-16 16:19:01.759 [info] > git for-each-ref --format=%(refname)%00%(upstream:short)%00%(objectname)%00%(upstream:track)%00%(upstream:remotename)%00%(upstream:remoteref) refs/heads/main refs/remotes/main [2ms]
2023-04-16 16:19:01.769 [info] > git status -z -uall [7ms]
2023-04-16 16:20:17.358 [info] > git for-each-ref --format=%(refname)%00%(upstream:short)%00%(objectname)%00%(upstream:track)%00%(upstream:remotename)%00%(upstream:remoteref) refs/heads/main refs/remotes/main [4ms]
2023-04-16 16:20:17.358 [info] > git config --get commit.template [22ms]
2023-04-16 16:20:17.384 [info] > git status -z -uall [14ms]
2023-04-16 16:20:25.371 [info] > git config --get commit.template [3ms]
2023-04-16 16:20:25.379 [info] > git for-each-ref --format=%(refname)%00%(upstream:short)%00%(objectname)%00%(upstream:track)%00%(upstream:remotename)%00%(upstream:remoteref) refs/heads/main refs/remotes/main [1ms]
2023-04-16 16:20:25.399 [info] > git status -z -uall [13ms]
2023-04-16 16:20:30.410 [info] > git config --get commit.template [1ms]
2023-04-16 16:20:30.415 [info] > git for-each-ref --format=%(refname)%00%(upstream:short)%00%(objectname)%00%(upstream:track)%00%(upstream:remotename)%00%(upstream:remoteref) refs/heads/main refs/remotes/main [1ms]
2023-04-16 16:20:30.426 [info] > git status -z -uall [8ms]
2023-04-16 16:20:35.442 [info] > git config --get commit.template [5ms]
2023-04-16 16:20:35.442 [info] > git for-each-ref --format=%(refname)%00%(upstream:short)%00%(objectname)%00%(upstream:track)%00%(upstream:remotename)%00%(upstream:remoteref) refs/heads/main refs/remotes/main [1ms]
2023-04-16 16:20:35.456 [info] > git status -z -uall [10ms]
2023-04-16 16:20:40.466 [info] > git config --get commit.template [1ms]
2023-04-16 16:20:40.471 [info] > git for-each-ref --format=%(refname)%00%(upstream:short)%00%(objectname)%00%(upstream:track)%00%(upstream:remotename)%00%(upstream:remoteref) refs/heads/main refs/remotes/main [1ms]
2023-04-16 16:20:40.483 [info] > git status -z -uall [8ms]
2023-04-16 16:20:45.498 [info] > git config --get commit.template [6ms]
2023-04-16 16:20:45.499 [info] > git for-each-ref --format=%(refname)%00%(upstream:short)%00%(objectname)%00%(upstream:track)%00%(upstream:remotename)%00%(upstream:remoteref) refs/heads/main refs/remotes/main [1ms]
2023-04-16 16:20:45.511 [info] > git status -z -uall [9ms]
2023-04-16 16:20:50.820 [info] > git config --get commit.template [2ms]
2023-04-16 16:20:50.829 [info] > git for-each-ref --format=%(refname)%00%(upstream:short)%00%(objectname)%00%(upstream:track)%00%(upstream:remotename)%00%(upstream:remoteref) refs/heads/main refs/remotes/main [0ms]
2023-04-16 16:20:50.846 [info] > git status -z -uall [11ms]
2023-04-16 16:20:55.860 [info] > git config --get commit.template [6ms]
2023-04-16 16:20:55.860 [info] > git for-each-ref --format=%(refname)%00%(upstream:short)%00%(objectname)%00%(upstream:track)%00%(upstream:remotename)%00%(upstream:remoteref) refs/heads/main refs/remotes/main [1ms]
2023-04-16 16:20:55.873 [info] > git status -z -uall [9ms]
2023-04-16 16:21:00.884 [info] > git config --get commit.template [1ms]
2023-04-16 16:21:00.889 [info] > git for-each-ref --format=%(refname)%00%(upstream:short)%00%(objectname)%00%(upstream:track)%00%(upstream:remotename)%00%(upstream:remoteref) refs/heads/main refs/remotes/main [1ms]
2023-04-16 16:21:00.903 [info] > git status -z -uall [10ms]
2023-04-16 16:21:11.548 [info] > git config --get commit.template [16ms]
2023-04-16 16:21:11.549 [info] > git for-each-ref --format=%(refname)%00%(upstream:short)%00%(objectname)%00%(upstream:track)%00%(upstream:remotename)%00%(upstream:remoteref) refs/heads/main refs/remotes/main [2ms]
2023-04-16 16:21:11.570 [info] > git status -z -uall [11ms]
2023-04-16 16:21:28.278 [info] > git config --get commit.template [3ms]
2023-04-16 16:21:28.292 [info] > git for-each-ref --format=%(refname)%00%(upstream:short)%00%(objectname)%00%(upstream:track)%00%(upstream:remotename)%00%(upstream:remoteref) refs/heads/main refs/remotes/main [3ms]
2023-04-16 16:21:28.311 [info] > git status -z -uall [12ms]
2023-04-16 16:21:33.973 [info] > git config --get commit.template [2ms]
2023-04-16 16:21:33.996 [info] > git for-each-ref --format=%(refname)%00%(upstream:short)%00%(objectname)%00%(upstream:track)%00%(upstream:remotename)%00%(upstream:remoteref) refs/heads/main refs/remotes/main [2ms]
2023-04-16 16:21:34.019 [info] > git status -z -uall [13ms]
2023-04-16 16:21:39.035 [info] > git config --get commit.template [7ms]
2023-04-16 16:21:39.035 [info] > git for-each-ref --format=%(refname)%00%(upstream:short)%00%(objectname)%00%(upstream:track)%00%(upstream:remotename)%00%(upstream:remoteref) refs/heads/main refs/remotes/main [1ms]
2023-04-16 16:21:39.050 [info] > git status -z -uall [11ms]
2023-04-16 16:21:44.067 [info] > git config --get commit.template [4ms]
2023-04-16 16:21:44.068 [info] > git for-each-ref --format=%(refname)%00%(upstream:short)%00%(objectname)%00%(upstream:track)%00%(upstream:remotename)%00%(upstream:remoteref) refs/heads/main refs/remotes/main [2ms]
2023-04-16 16:21:44.087 [info] > git status -z -uall [13ms]
2023-04-16 16:21:49.105 [info] > git config --get commit.template [5ms]
2023-04-16 16:21:49.105 [info] > git for-each-ref --format=%(refname)%00%(upstream:short)%00%(objectname)%00%(upstream:track)%00%(upstream:remotename)%00%(upstream:remoteref) refs/heads/main refs/remotes/main [1ms]
2023-04-16 16:21:49.116 [info] > git status -z -uall [8ms]
2023-04-16 16:21:55.410 [info] > git config --get commit.template [21ms]
2023-04-16 16:21:55.410 [info] > git for-each-ref --format=%(refname)%00%(upstream:short)%00%(objectname)%00%(upstream:track)%00%(upstream:remotename)%00%(upstream:remoteref) refs/heads/main refs/remotes/main [4ms]
2023-04-16 16:21:55.429 [info] > git status -z -uall [14ms]
2023-04-16 16:22:00.439 [info] > git config --get commit.template [1ms]
2023-04-16 16:22:00.444 [info] > git for-each-ref --format=%(refname)%00%(upstream:short)%00%(objectname)%00%(upstream:track)%00%(upstream:remotename)%00%(upstream:remoteref) refs/heads/main refs/remotes/main [0ms]
2023-04-16 16:22:00.455 [info] > git status -z -uall [8ms]
2023-04-16 16:22:05.467 [info] > git config --get commit.template [1ms]
2023-04-16 16:22:05.473 [info] > git for-each-ref --format=%(refname)%00%(upstream:short)%00%(objectname)%00%(upstream:track)%00%(upstream:remotename)%00%(upstream:remoteref) refs/heads/main refs/remotes/main [2ms]
2023-04-16 16:22:05.484 [info] > git status -z -uall [8ms]
2023-04-16 16:22:07.136 [info] > git ls-files --stage -- /home/dungcngo/LTM/btvn1/tcp_client.c [3ms]
2023-04-16 16:22:07.141 [info] > git cat-file -s 00677142ab1557077430202c89434cfd65eb28a6 [1ms]
2023-04-16 16:22:07.153 [info] > git show --textconv :LTM/btvn1/tcp_client.c [3ms]
2023-04-16 16:22:13.745 [info] > git config --get commit.template [15ms]
2023-04-16 16:22:13.747 [info] > git for-each-ref --format=%(refname)%00%(upstream:short)%00%(objectname)%00%(upstream:track)%00%(upstream:remotename)%00%(upstream:remoteref) refs/heads/main refs/remotes/main [3ms]
2023-04-16 16:22:13.765 [info] > git status -z -uall [10ms]
2023-04-16 16:22:18.777 [info] > git config --get commit.template [1ms]
2023-04-16 16:22:18.783 [info] > git for-each-ref --format=%(refname)%00%(upstream:short)%00%(objectname)%00%(upstream:track)%00%(upstream:remotename)%00%(upstream:remoteref) refs/heads/main refs/remotes/main [2ms]
2023-04-16 16:22:18.795 [info] > git status -z -uall [8ms]
2023-04-16 16:22:23.815 [info] > git for-each-ref --format=%(refname)%00%(upstream:short)%00%(objectname)%00%(upstream:track)%00%(upstream:remotename)%00%(upstream:remoteref) refs/heads/main refs/remotes/main [1ms]
2023-04-16 16:22:23.815 [info] > git config --get commit.template [6ms]
2023-04-16 16:22:23.827 [info] > git status -z -uall [9ms]
2023-04-16 16:22:28.843 [info] > git config --get commit.template [5ms]
2023-04-16 16:22:28.843 [info] > git for-each-ref --format=%(refname)%00%(upstream:short)%00%(objectname)%00%(upstream:track)%00%(upstream:remotename)%00%(upstream:remoteref) refs/heads/main refs/remotes/main [1ms]
2023-04-16 16:22:28.855 [info] > git status -z -uall [9ms]
2023-04-16 16:22:37.878 [info] > git config --get commit.template [14ms]
2023-04-16 16:22:37.879 [info] > git for-each-ref --format=%(refname)%00%(upstream:short)%00%(objectname)%00%(upstream:track)%00%(upstream:remotename)%00%(upstream:remoteref) refs/heads/main refs/remotes/main [2ms]
2023-04-16 16:22:37.899 [info] > git status -z -uall [13ms]
2023-04-16 16:22:37.912 [info] > git ls-files --stage -- /home/dungcngo/LTM/btvn1/tcp_client.c [2ms]
2023-04-16 16:22:37.918 [info] > git cat-file -s 00677142ab1557077430202c89434cfd65eb28a6 [1ms]
2023-04-16 16:22:37.937 [info] > git show --textconv :LTM/btvn1/tcp_client.c [3ms]
2023-04-16 16:22:46.300 [info] > git config --get commit.template [30ms]
2023-04-16 16:22:46.301 [info] > git for-each-ref --format=%(refname)%00%(upstream:short)%00%(objectname)%00%(upstream:track)%00%(upstream:remotename)%00%(upstream:remoteref) refs/heads/main refs/remotes/main [2ms]
2023-04-16 16:22:46.319 [info] > git status -z -uall [11ms]
2023-04-16 16:22:51.335 [info] > git config --get commit.template [4ms]
2023-04-16 16:22:51.336 [info] > git for-each-ref --format=%(refname)%00%(upstream:short)%00%(objectname)%00%(upstream:track)%00%(upstream:remotename)%00%(upstream:remoteref) refs/heads/main refs/remotes/main [1ms]
2023-04-16 16:22:51.354 [info] > git status -z -uall [12ms]
2023-04-16 16:22:56.372 [info] > git config --get commit.template [7ms]
2023-04-16 16:22:56.372 [info] > git for-each-ref --format=%(refname)%00%(upstream:short)%00%(objectname)%00%(upstream:track)%00%(upstream:remotename)%00%(upstream:remoteref) refs/heads/main refs/remotes/main [1ms]
2023-04-16 16:22:56.386 [info] > git status -z -uall [9ms]
2023-04-16 16:23:01.400 [info] > git config --get commit.template [1ms]
2023-04-16 16:23:01.405 [info] > git for-each-ref --format=%(refname)%00%(upstream:short)%00%(objectname)%00%(upstream:track)%00%(upstream:remotename)%00%(upstream:remoteref) refs/heads/main refs/remotes/main [1ms]
2023-04-16 16:23:01.417 [info] > git status -z -uall [8ms]
2023-04-16 16:24:03.636 [info] > git config --get commit.template [19ms]
2023-04-16 16:24:03.637 [info] > git for-each-ref --format=%(refname)%00%(upstream:short)%00%(objectname)%00%(upstream:track)%00%(upstream:remotename)%00%(upstream:remoteref) refs/heads/main refs/remotes/main [3ms]
2023-04-16 16:24:03.667 [info] > git status -z -uall [20ms]
2023-04-16 16:24:08.682 [info] > git config --get commit.template [5ms]
2023-04-16 16:24:08.683 [info] > git for-each-ref --format=%(refname)%00%(upstream:short)%00%(objectname)%00%(upstream:track)%00%(upstream:remotename)%00%(upstream:remoteref) refs/heads/main refs/remotes/main [1ms]
2023-04-16 16:24:08.697 [info] > git status -z -uall [10ms]
2023-04-16 16:24:12.281 [info] > git ls-files --stage -- /home/dungcngo/LTM/btvn1/tcp_client.c [3ms]
2023-04-16 16:24:12.286 [info] > git cat-file -s 00677142ab1557077430202c89434cfd65eb28a6 [1ms]
2023-04-16 16:24:12.299 [info] > git show --textconv :LTM/btvn1/tcp_client.c [2ms]
2023-04-16 16:24:13.709 [info] > git config --get commit.template [1ms]
2023-04-16 16:24:13.715 [info] > git for-each-ref --format=%(refname)%00%(upstream:short)%00%(objectname)%00%(upstream:track)%00%(upstream:remotename)%00%(upstream:remoteref) refs/heads/main refs/remotes/main [2ms]
2023-04-16 16:24:13.729 [info] > git status -z -uall [10ms]
2023-04-16 16:24:18.740 [info] > git config --get commit.template [5ms]
2023-04-16 16:24:18.741 [info] > git for-each-ref --format=%(refname)%00%(upstream:short)%00%(objectname)%00%(upstream:track)%00%(upstream:remotename)%00%(upstream:remoteref) refs/heads/main refs/remotes/main [0ms]
2023-04-16 16:24:18.757 [info] > git status -z -uall [9ms]
2023-04-16 16:24:23.771 [info] > git config --get commit.template [1ms]
2023-04-16 16:24:23.777 [info] > git for-each-ref --format=%(refname)%00%(upstream:short)%00%(objectname)%00%(upstream:track)%00%(upstream:remotename)%00%(upstream:remoteref) refs/heads/main refs/remotes/main [1ms]
2023-04-16 16:24:23.788 [info] > git status -z -uall [8ms]
2023-04-16 16:24:28.805 [info] > git config --get commit.template [7ms]
2023-04-16 16:24:28.806 [info] > git for-each-ref --format=%(refname)%00%(upstream:short)%00%(objectname)%00%(upstream:track)%00%(upstream:remotename)%00%(upstream:remoteref) refs/heads/main refs/remotes/main [2ms]
2023-04-16 16:24:28.821 [info] > git status -z -uall [11ms]
2023-04-16 16:24:33.837 [info] > git config --get commit.template [4ms]
2023-04-16 16:24:33.838 [info] > git for-each-ref --format=%(refname)%00%(upstream:short)%00%(objectname)%00%(upstream:track)%00%(upstream:remotename)%00%(upstream:remoteref) refs/heads/main refs/remotes/main [1ms]
2023-04-16 16:24:33.853 [info] > git status -z -uall [12ms]
2023-04-16 16:24:38.871 [info] > git config --get commit.template [7ms]
2023-04-16 16:24:38.872 [info] > git for-each-ref --format=%(refname)%00%(upstream:short)%00%(objectname)%00%(upstream:track)%00%(upstream:remotename)%00%(upstream:remoteref) refs/heads/main refs/remotes/main [2ms]
