2023-04-15 09:56:05.073 [info] Log level: Info
2023-04-15 09:56:05.073 [info] Validating found git in: "git"
2023-04-15 09:56:05.073 [info] Using git "2.34.1" from "git"
2023-04-15 09:56:05.073 [info] > git rev-parse --show-toplevel [12ms]
2023-04-15 09:56:05.073 [info] fatal: not a git repository (or any of the parent directories): .git
2023-04-15 09:56:05.073 [info] > git rev-parse --show-toplevel [3ms]
2023-04-15 09:56:05.073 [info] fatal: not a git repository (or any of the parent directories): .git
2023-04-15 09:56:05.073 [info] > git rev-parse --show-toplevel [84ms]
2023-04-15 09:56:05.073 [info] fatal: not a git repository (or any of the parent directories): .git
2023-04-15 09:56:05.073 [info] > git rev-parse --show-toplevel [67ms]
2023-04-15 09:56:05.073 [info] fatal: not a git repository (or any of the parent directories): .git
2023-04-15 09:56:05.074 [info] > git rev-parse --show-toplevel [5ms]
2023-04-15 09:56:05.074 [info] fatal: not a git repository (or any of the parent directories): .git
2023-04-15 09:56:06.433 [info] > git rev-parse --show-toplevel [8ms]
2023-04-15 09:56:06.434 [info] fatal: not a git repository (or any of the parent directories): .git
2023-04-15 09:59:01.612 [info] > git rev-parse --show-toplevel [2ms]
2023-04-15 09:59:01.612 [info] fatal: not a git repository (or any of the parent directories): .git
2023-04-15 09:59:57.748 [info] > git rev-parse --show-toplevel [2ms]
2023-04-15 09:59:57.748 [info] fatal: not a git repository (or any of the parent directories): .git
2023-04-15 10:03:19.592 [info] > git rev-parse --show-toplevel [2ms]
2023-04-15 10:03:19.592 [info] fatal: not a git repository (or any of the parent directories): .git
2023-04-15 10:03:20.689 [info] > git rev-parse --show-toplevel [3ms]
2023-04-15 10:03:20.690 [info] fatal: not a git repository (or any of the parent directories): .git
2023-04-15 10:06:53.608 [info] > git rev-parse --show-toplevel [2ms]
2023-04-15 10:06:53.608 [info] fatal: not a git repository (or any of the parent directories): .git
2023-04-15 11:14:38.469 [info] > git rev-parse --show-toplevel [14ms]
2023-04-15 11:14:38.470 [info] fatal: not a git repository (or any of the parent directories): .git
2023-04-15 11:14:54.642 [info] > git rev-parse --show-toplevel [2ms]
2023-04-15 11:14:54.642 [info] fatal: not a git repository (or any of the parent directories): .git
2023-04-15 11:19:15.083 [info] > git rev-parse --show-toplevel [4ms]
2023-04-15 11:19:15.083 [info] fatal: not a git repository (or any of the parent directories): .git
2023-04-15 12:44:56.846 [info] > git rev-parse --show-toplevel [8ms]
2023-04-15 12:44:56.848 [info] fatal: not a git repository (or any of the parent directories): .git
2023-04-15 12:57:04.137 [info] > git rev-parse --show-toplevel [7ms]
2023-04-15 12:57:04.137 [info] fatal: not a git repository (or any of the parent directories): .git
2023-04-15 13:07:27.613 [info] > git rev-parse --show-toplevel [2ms]
2023-04-15 13:07:27.613 [info] fatal: not a git repository (or any of the parent directories): .git
2023-04-15 13:07:47.801 [info] > git rev-parse --show-toplevel [1ms]
2023-04-15 13:07:47.801 [info] fatal: not a git repository (or any of the parent directories): .git
2023-04-15 13:07:56.539 [info] > git rev-parse --show-toplevel [3ms]
2023-04-15 13:07:56.539 [info] fatal: not a git repository (or any of the parent directories): .git
2023-04-15 13:08:01.858 [info] > git rev-parse --show-toplevel [6ms]
2023-04-15 13:08:01.858 [info] fatal: not a git repository (or any of the parent directories): .git
2023-04-15 13:08:57.632 [info] > git rev-parse --show-toplevel [0ms]
2023-04-15 13:08:57.632 [info] fatal: not a git repository (or any of the parent directories): .git
2023-04-15 13:09:49.150 [info] > git rev-parse --show-toplevel [1ms]
2023-04-15 13:09:49.150 [info] fatal: not a git repository (or any of the parent directories): .git
2023-04-15 13:19:13.800 [info] > git rev-parse --show-toplevel [1ms]
2023-04-15 13:19:13.800 [info] fatal: not a git repository (or any of the parent directories): .git
2023-04-15 13:27:28.198 [info] > git rev-parse --show-toplevel [2ms]
2023-04-15 13:27:28.199 [info] fatal: not a git repository (or any of the parent directories): .git
